#
# A fatal error has been detected by the Java Runtime Environment:
#
#  EXCEPTION_ACCESS_VIOLATION (0xc0000005) at pc=0x00007ffbe01de42d, pid=13592, tid=192
#
# JRE version: Java(TM) SE Runtime Environment (15.0.1+9) (build 15.0.1+9-18)
# Java VM: Java HotSpot(TM) 64-Bit Server VM (15.0.1+9-18, mixed mode, sharing, tiered, compressed oops, g1 gc, windows-amd64)
# Problematic frame:
# V  [jvm.dll+0x29e42d]
#
# No core dump will be written. Minidumps are not enabled by default on client versions of Windows
#
# If you would like to submit a bug report, please visit:
#   https://bugreport.java.com/bugreport/crash.jsp
#

---------------  S U M M A R Y ------------

Command Line: --enable-preview -XX:+ShowCodeDetailsInExceptionMessages -Dfile.encoding=UTF-8 gui.VolVisApplication

Host: AMD Ryzen 7 1800X Eight-Core Processor         , 16 cores, 23G,  Windows 10 , 64 bit Build 18362 (10.0.18362.1110)
Time: Thu Dec 10 14:45:52 2020 Central Europe Standard Time elapsed time: 12.722385 seconds (0d 0h 0m 12s)

---------------  T H R E A D  ---------------

Current thread (0x000001e74f902380):  ConcurrentGCThread "G1 Conc#1" [stack: 0x0000006730b00000,0x0000006730c00000] [id=192]

Stack: [0x0000006730b00000,0x0000006730c00000],  sp=0x0000006730bff1b0,  free space=1020k
Native frames: (J=compiled Java code, j=interpreted, Vv=VM code, C=native code)
V  [jvm.dll+0x29e42d]
V  [jvm.dll+0x2b54de]
V  [jvm.dll+0x2b1d81]
V  [jvm.dll+0x2b393c]
V  [jvm.dll+0x2b2634]
V  [jvm.dll+0x2b5ec6]
V  [jvm.dll+0x7adba0]
V  [jvm.dll+0x73d65a]
V  [jvm.dll+0x629c56]
C  [ucrtbase.dll+0x210b2]
C  [KERNEL32.DLL+0x17c24]
C  [ntdll.dll+0x6cea1]


siginfo: EXCEPTION_ACCESS_VIOLATION (0xc0000005), reading address 0x00007ffbefcce4b0


Register to memory mapping:

RIP=0x00007ffbe01de42d jvm.dll
RAX=0x00007ffbe093c490 jvm.dll
RBX=0x000000000000000c is an unknown value
RCX=0x0000006730bff2e0 points into unknown readable memory: 0x00007ffbe07c5ba8 | a8 5b 7c e0 fb 7f 00 00
RDX=0x00000006900cfa20 is pointing into object: volume.VoxelGradient 
{0x00000006900cfa08} - klass: 'volume/VoxelGradient'
RSP=0x0000006730bff1b0 points into unknown readable memory: 0x0000000000000000 | 00 00 00 00 00 00 00 00
RBP=0x0000006730bff2e0 points into unknown readable memory: 0x00007ffbe07c5ba8 | a8 5b 7c e0 fb 7f 00 00
RSI=0x00000006900cfa20 is pointing into object: volume.VoxelGradient 
{0x00000006900cfa08} - klass: 'volume/VoxelGradient'
RDI=0x0000000800000008 is pointing into metadata
R8 =0x0000000800000008 is pointing into metadata
R9 =0x0000000001e72404 is an unknown value
R10=0x0000000800000000 is pointing into metadata
R11=0x346dc5d63886594b is an unknown value
R12=0x0 is NULL
R13=0x0000000000000001 is an unknown value
R14=0x0 is NULL
R15=0x0000006730bff2a0 points into unknown readable memory: 0x000001e71a692c20 | 20 2c 69 1a e7 01 00 00


Registers:
RAX=0x00007ffbe093c490, RBX=0x000000000000000c, RCX=0x0000006730bff2e0, RDX=0x00000006900cfa20
RSP=0x0000006730bff1b0, RBP=0x0000006730bff2e0, RSI=0x00000006900cfa20, RDI=0x0000000800000008
R8 =0x0000000800000008, R9 =0x0000000001e72404, R10=0x0000000800000000, R11=0x346dc5d63886594b
R12=0x0000000000000000, R13=0x0000000000000001, R14=0x0000000000000000, R15=0x0000006730bff2a0
RIP=0x00007ffbe01de42d, EFLAGS=0x0000000000010206

Top of Stack: (sp=0x0000006730bff1b0)
0x0000006730bff1b0:   0000000000000000 00000000005a995c
0x0000006730bff1c0:   00009bdcf9eab7c4 00000006815844b0
0x0000006730bff1d0:   000001e71a6a20b0 00007ffbe01f54de
0x0000006730bff1e0:   00000006900cfa20 000001e71a692c30
0x0000006730bff1f0:   0000006730bff2a0 00007ffbe056496c
0x0000006730bff200:   00000006900cfa20 00007ffbe01f1d81
0x0000006730bff210:   0000000001e19f44 0000000000000000
0x0000006730bff220:   0000006730bff250 00007ffbe01f3274
0x0000006730bff230:   0000000001e80000 00007ffbe01f393c
0x0000006730bff240:   000001e75111cd01 0000000001e19f44
0x0000006730bff250:   00000000005a995c 0000000000000000
0x0000006730bff260:   000001e75111cd01 0000000000000000
0x0000006730bff270:   000001e71a6a20b0 00007ffbe01f2634
0x0000006730bff280:   aaaaaaaaaaaaaaab 000001e71a692c20
0x0000006730bff290:   0000000000000000 0000000000000000
0x0000006730bff2a0:   000001e71a692c20 000001e71a6a20b0 

Instructions: (pc=0x00007ffbe01de42d)
0x00007ffbe01de32d:   00 49 8b c2 4c 8d 0d 48 09 00 00 49 0f 45 c1 48
0x00007ffbe01de33d:   89 05 75 e1 75 00 49 3b c2 0f 84 04 0a 00 00 48
0x00007ffbe01de34d:   ff e0 cc 48 83 ec 38 80 3d 85 4c 7e 00 00 4c 8d
0x00007ffbe01de35d:   1d 0e be d6 ff 41 0f 10 01 49 8b c3 4c 8d 15 00
0x00007ffbe01de36d:   be d6 ff 49 0f 45 c2 48 89 05 05 e1 75 00 0f 29
0x00007ffbe01de37d:   44 24 20 49 3b c3 74 07 4c 8d 4c 24 20 ff d0 48
0x00007ffbe01de38d:   83 c4 38 c3 cc cc cc cc cc cc cc cc cc cc cc cc
0x00007ffbe01de39d:   cc cc cc 80 3d 39 4c 7e 00 00 4c 8d 15 c2 bd d6
0x00007ffbe01de3ad:   ff 49 8b c2 4c 8d 0d b8 bd d6 ff 49 0f 45 c1 48
0x00007ffbe01de3bd:   89 05 ed e0 75 00 49 3b c2 74 03 48 ff e0 c3 cc
0x00007ffbe01de3cd:   cc cc cc 48 89 5c 24 08 48 89 6c 24 10 48 89 74
0x00007ffbe01de3dd:   24 18 57 48 83 ec 20 80 3d f6 4b 7e 00 00 48 8b
0x00007ffbe01de3ed:   ea 48 8b f1 74 15 8b 79 08 8b 0d 24 d6 75 00 48
0x00007ffbe01de3fd:   d3 e7 48 03 3d 12 d6 75 00 eb 04 48 8b 79 08 48
0x00007ffbe01de40d:   8b d7 48 8b ce e8 69 3c ee ff 4c 63 4f 0c 8b d8
0x00007ffbe01de41d:   48 8d 05 6c e0 75 00 4c 8b c7 48 8b d6 48 8b cd
0x00007ffbe01de42d:   42 ff 14 c8 48 8b 6c 24 38 8b c3 48 8b 5c 24 30
0x00007ffbe01de43d:   48 8b 74 24 40 48 83 c4 20 5f c3 cc cc cc cc cc
0x00007ffbe01de44d:   cc cc cc 40 55 48 83 ec 30 48 89 5c 24 40 48 8b
0x00007ffbe01de45d:   e9 49 8b d8 48 89 74 24 48 44 8b 41 10 45 33 c9
0x00007ffbe01de46d:   4c 89 74 24 28 4c 89 7c 24 20 4c 8b fa 48 8b d1
0x00007ffbe01de47d:   48 8b 8b 98 00 00 00 e8 b7 b0 f2 ff 4c 63 53 10
0x00007ffbe01de48d:   4c 63 8b 24 01 00 00 49 83 c2 39 8b 83 20 01 00
0x00007ffbe01de49d:   00 4d 03 d1 49 03 c2 4a 8d 34 d3 4c 8d 34 c3 49
0x00007ffbe01de4ad:   3b f6 73 73 48 89 7c 24 50 66 66 0f 1f 84 00 00
0x00007ffbe01de4bd:   00 00 00 48 63 1e 8b 46 04 49 03 df 48 8d 3c 83
0x00007ffbe01de4cd:   48 3b df 73 44 0f 1f 40 00 66 66 0f 1f 84 00 00
0x00007ffbe01de4dd:   00 00 00 48 8b 45 20 48 ff 80 c0 00 00 00 8b 0b
0x00007ffbe01de4ed:   85 c9 74 1c 8b d1 8b 0d 17 d5 75 00 48 d3 e2 48
0x00007ffbe01de4fd:   03 15 05 d5 75 00 74 08 48 8b c8 e8 63 20 00 00
0x00007ffbe01de50d:   48 83 c3 04 48 3b df 72 ca 48 83 c6 08 49 3b f6
0x00007ffbe01de51d:   72 a1 48 8b 7c 24 50 49 8b cf e8 44 c9 0b 00 4c 


Stack slot to memory mapping:
stack at sp + 0 slots: 0x0 is NULL
stack at sp + 1 slots: 0x00000000005a995c is an unknown value
stack at sp + 2 slots: 0x00009bdcf9eab7c4 is an unknown value
stack at sp + 3 slots: 0x00000006815844b0 is an oop: java.lang.ref.SoftReference 
{0x00000006815844b0} - klass: 'java/lang/ref/SoftReference'
stack at sp + 4 slots: 0x000001e71a6a20b0 points into unknown readable memory: 0x00007ffbe07c5b88 | 88 5b 7c e0 fb 7f 00 00
stack at sp + 5 slots: 0x00007ffbe01f54de jvm.dll
stack at sp + 6 slots: 0x00000006900cfa20 is pointing into object: volume.VoxelGradient 
{0x00000006900cfa08} - klass: 'volume/VoxelGradient'
stack at sp + 7 slots: 0x000001e71a692c30 points into unknown readable memory: 0x00007ffbe07c5b68 | 68 5b 7c e0 fb 7f 00 00


---------------  P R O C E S S  ---------------

Threads class SMR info:
_java_thread_list=0x000001e74f685810, length=22, elements={
0x000001e74491f880, 0x000001e744920450, 0x000001e74493ae40, 0x000001e74493d710,
0x000001e74493e960, 0x000001e744940fa0, 0x000001e744949800, 0x000001e744954180,
0x000001e745f045e0, 0x000001e745f1ede0, 0x000001e746759370, 0x000001e746936080,
0x000001e746c30560, 0x000001e746f6e010, 0x000001e71a53e430, 0x000001e7475b9120,
0x000001e7475ba460, 0x000001e7475bae00, 0x000001e71a60e7e0, 0x000001e7511daee0,
0x000001e75344f4d0, 0x000001e746c13940
}

Java Threads: ( => current thread )
  0x000001e74491f880 JavaThread "Reference Handler" daemon [_thread_blocked, id=21056, stack(0x000000672da00000,0x000000672db00000)]
  0x000001e744920450 JavaThread "Finalizer" daemon [_thread_blocked, id=25472, stack(0x000000672db00000,0x000000672dc00000)]
  0x000001e74493ae40 JavaThread "Signal Dispatcher" daemon [_thread_blocked, id=9864, stack(0x000000672dc00000,0x000000672dd00000)]
  0x000001e74493d710 JavaThread "Attach Listener" daemon [_thread_blocked, id=1980, stack(0x000000672dd00000,0x000000672de00000)]
  0x000001e74493e960 JavaThread "Service Thread" daemon [_thread_blocked, id=9772, stack(0x000000672de00000,0x000000672df00000)]
  0x000001e744940fa0 JavaThread "C2 CompilerThread0" daemon [_thread_blocked, id=15160, stack(0x000000672df00000,0x000000672e000000)]
  0x000001e744949800 JavaThread "C1 CompilerThread0" daemon [_thread_blocked, id=13284, stack(0x000000672e000000,0x000000672e100000)]
  0x000001e744954180 JavaThread "Sweeper thread" daemon [_thread_blocked, id=26200, stack(0x000000672e100000,0x000000672e200000)]
  0x000001e745f045e0 JavaThread "Notification Thread" daemon [_thread_blocked, id=11740, stack(0x000000672e300000,0x000000672e400000)]
  0x000001e745f1ede0 JavaThread "Common-Cleaner" daemon [_thread_blocked, id=24616, stack(0x000000672e500000,0x000000672e600000)]
  0x000001e746759370 JavaThread "Java2D Disposer" daemon [_thread_blocked, id=1376, stack(0x000000672e700000,0x000000672e800000)]
  0x000001e746936080 JavaThread "AWT-Shutdown" [_thread_blocked, id=22428, stack(0x000000672e800000,0x000000672e900000)]
  0x000001e746c30560 JavaThread "AWT-Windows" daemon [_thread_in_native, id=26836, stack(0x000000672e900000,0x000000672ea00000)]
  0x000001e746f6e010 JavaThread "AWT-EventQueue-0" [_thread_in_vm, id=19868, stack(0x000000672ea00000,0x000000672eb00000)]
  0x000001e71a53e430 JavaThread "DestroyJavaVM" [_thread_blocked, id=25356, stack(0x000000672d300000,0x000000672d400000)]
  0x000001e7475b9120 JavaThread "AWT-EventQueue-0-SharedResourceRunner" daemon [_thread_blocked, id=25372, stack(0x000000672fb00000,0x000000672fc00000)]
  0x000001e7475ba460 JavaThread "TimerQueue" daemon [_thread_blocked, id=10740, stack(0x0000006730000000,0x0000006730100000)]
  0x000001e7475bae00 JavaThread "D3D Screen Updater" daemon [_thread_blocked, id=19928, stack(0x0000006730200000,0x0000006730300000)]
  0x000001e71a60e7e0 JavaThread "Swing-Shell" daemon [_thread_blocked, id=24480, stack(0x000000672e200000,0x000000672e300000)]
  0x000001e7511daee0 JavaThread "C2 CompilerThread1" daemon [_thread_in_native, id=8076, stack(0x0000006730a00000,0x0000006730b00000)]
  0x000001e75344f4d0 JavaThread "C1 CompilerThread1" daemon [_thread_blocked, id=2476, stack(0x0000006730600000,0x0000006730700000)]
  0x000001e746c13940 JavaThread "C1 CompilerThread2" daemon [_thread_blocked, id=8656, stack(0x0000006730700000,0x0000006730800000)]

Other Threads:
  0x000001e74491d860 VMThread "VM Thread" [stack: 0x000000672d900000,0x000000672da00000] [id=10320]
  0x000001e745f04ab0 WatcherThread [stack: 0x000000672e400000,0x000000672e500000] [id=5036]
  0x000001e71a6923c0 GCTaskThread "GC Thread#0" [stack: 0x000000672d400000,0x000000672d500000] [id=25576]
  0x000001e74f903d00 GCTaskThread "GC Thread#1" [stack: 0x000000672f100000,0x000000672f200000] [id=14280]
  0x000001e74f9039d0 GCTaskThread "GC Thread#2" [stack: 0x000000672f200000,0x000000672f300000] [id=25436]
  0x000001e74f9049c0 GCTaskThread "GC Thread#3" [stack: 0x000000672f300000,0x000000672f400000] [id=7484]
  0x000001e74f901390 GCTaskThread "GC Thread#4" [stack: 0x000000672f400000,0x000000672f500000] [id=19912]
  0x000001e74f901060 GCTaskThread "GC Thread#5" [stack: 0x000000672f500000,0x000000672f600000] [id=26848]
  0x000001e74f903370 GCTaskThread "GC Thread#6" [stack: 0x000000672f600000,0x000000672f700000] [id=4808]
  0x000001e74f902d10 GCTaskThread "GC Thread#7" [stack: 0x000000672f700000,0x000000672f800000] [id=21520]
  0x000001e74f9019f0 GCTaskThread "GC Thread#8" [stack: 0x000000672f800000,0x000000672f900000] [id=26936]
  0x000001e74f902050 GCTaskThread "GC Thread#9" [stack: 0x0000006731500000,0x0000006731600000] [id=20424]
  0x000001e74f9029e0 GCTaskThread "GC Thread#10" [stack: 0x0000006731600000,0x0000006731700000] [id=21292]
  0x000001e74f903040 GCTaskThread "GC Thread#11" [stack: 0x0000006731700000,0x0000006731800000] [id=4676]
  0x000001e74f9036a0 GCTaskThread "GC Thread#12" [stack: 0x0000006731800000,0x0000006731900000] [id=25244]
  0x000001e71a69f610 ConcurrentGCThread "G1 Main Marker" [stack: 0x000000672d500000,0x000000672d600000] [id=5916]
  0x000001e71a6a0a30 ConcurrentGCThread "G1 Conc#0" [stack: 0x000000672d600000,0x000000672d700000] [id=24684]
=>0x000001e74f902380 ConcurrentGCThread "G1 Conc#1" [stack: 0x0000006730b00000,0x0000006730c00000] [id=192]
  0x000001e74f904360 ConcurrentGCThread "G1 Conc#2" [stack: 0x0000006730c00000,0x0000006730d00000] [id=20496]
  0x000001e744815650 ConcurrentGCThread "G1 Refine#0" [stack: 0x000000672d700000,0x000000672d800000] [id=24992]
  0x000001e74f7265b0 ConcurrentGCThread "G1 Refine#1" [stack: 0x000000672f900000,0x000000672fa00000] [id=3628]
  0x000001e74f7254d0 ConcurrentGCThread "G1 Refine#2" [stack: 0x000000672fa00000,0x000000672fb00000] [id=23980]
  0x000001e745e22b70 ConcurrentGCThread "G1 Refine#3" [stack: 0x0000006730800000,0x0000006730900000] [id=27460]
  0x000001e745e22150 ConcurrentGCThread "G1 Refine#4" [stack: 0x0000006730900000,0x0000006730a00000] [id=13088]
  0x000001e745e224b0 ConcurrentGCThread "G1 Refine#5" [stack: 0x0000006730d00000,0x0000006730e00000] [id=24296]
  0x000001e745e22ed0 ConcurrentGCThread "G1 Refine#6" [stack: 0x0000006730e00000,0x0000006730f00000] [id=5620]
  0x000001e745e23230 ConcurrentGCThread "G1 Refine#7" [stack: 0x0000006730f00000,0x0000006731000000] [id=22612]
  0x000001e745e22810 ConcurrentGCThread "G1 Refine#8" [stack: 0x0000006731000000,0x0000006731100000] [id=21440]
  0x000001e745e23590 ConcurrentGCThread "G1 Refine#9" [stack: 0x0000006731100000,0x0000006731200000] [id=26168]
  0x000001e745e238f0 ConcurrentGCThread "G1 Refine#10" [stack: 0x0000006731200000,0x0000006731300000] [id=25300]
  0x000001e745e21df0 ConcurrentGCThread "G1 Refine#11" [stack: 0x0000006731300000,0x0000006731400000] [id=27552]
  0x000001e745e264d0 ConcurrentGCThread "G1 Refine#12" [stack: 0x0000006731400000,0x0000006731500000] [id=23692]
  0x000001e744816250 ConcurrentGCThread "G1 Young RemSet Sampling" [stack: 0x000000672d800000,0x000000672d900000] [id=26664]

Threads with active compile tasks:
C2 CompilerThread0    12803 3232       4       java.util.Hashtable::addEntry (87 bytes)
C1 CompilerThread0    12803 3229       3       java.io.DataInputStream::readUTF (501 bytes)
C2 CompilerThread1    12803 3185  s    4       java.util.Hashtable::put (104 bytes)
C1 CompilerThread1    12803 3233       3       java.lang.StringUTF16::getChars (42 bytes)

VM state: not at safepoint (normal execution)

VM Mutex/Monitor currently owned by a thread: None

Heap address: 0x0000000681000000, size: 6128 MB, Compressed Oops mode: Zero based, Oop shift amount: 3
CDS archive(s) mapped at: [0x0000000800000000-0x0000000800b50000-0x0000000800b50000), size 11862016, SharedBaseAddress: 0x0000000800000000, ArchiveRelocationMode: 0.
Compressed class space mapped at: 0x0000000800b50000-0x0000000840b50000, size: 1073741824
Narrow klass base: 0x0000000800000000, Narrow klass shift: 3, Narrow klass range: 0x100000000

GC Precious Log:
 CPUs: 16 total, 16 available
 Memory: 24508M
 Large Page Support: Disabled
 NUMA Support: Disabled
 Compressed Oops: Enabled (Zero based)
 Heap Region Size: 4M
 Heap Min Capacity: 8M
 Heap Initial Capacity: 384M
 Heap Max Capacity: 6128M
 Pre-touch: Disabled
 Parallel Workers: 13
 Concurrent Workers: 3
 Concurrent Refinement Workers: 13
 Periodic GC: Disabled

Heap:
 garbage-first heap   total 630784K, used 421457K [0x0000000681000000, 0x0000000800000000)
  region size 4096K, 7 young (28672K), 3 survivors (12288K)
 Metaspace       used 22416K, capacity 22592K, committed 22960K, reserved 1071104K
  class space    used 2161K, capacity 2238K, committed 2304K, reserved 1048576K

Heap Regions: E=young(eden), S=young(survivor), O=old, HS=humongous(starts), HC=humongous(continues), CS=collection set, F=free, OA=open archive, CA=closed archive, TAMS=top-at-mark-start (previous, next)
|   0|0x0000000681000000, 0x0000000681400000, 0x0000000681400000|100%| O|  |TAMS 0x0000000681400000, 0x0000000681400000| Untracked 
|   1|0x0000000681400000, 0x000000068158a200, 0x0000000681800000| 38%| O|  |TAMS 0x000000068158a200, 0x000000068158a200| Untracked 
|   2|0x0000000681800000, 0x0000000681c00000, 0x0000000681c00000|100%| O|  |TAMS 0x0000000681c00000, 0x0000000681c00000| Untracked 
|   3|0x0000000681c00000, 0x0000000682000000, 0x0000000682000000|100%| O|  |TAMS 0x0000000682000000, 0x0000000682000000| Untracked 
|   4|0x0000000682000000, 0x0000000682400000, 0x0000000682400000|100%| O|  |TAMS 0x0000000682400000, 0x0000000682400000| Untracked 
|   5|0x0000000682400000, 0x0000000682800000, 0x0000000682800000|100%| O|  |TAMS 0x0000000682800000, 0x0000000682800000| Untracked 
|   6|0x0000000682800000, 0x0000000682c00000, 0x0000000682c00000|100%| O|  |TAMS 0x0000000682c00000, 0x0000000682c00000| Untracked 
|   7|0x0000000682c00000, 0x0000000683000000, 0x0000000683000000|100%| O|  |TAMS 0x0000000683000000, 0x0000000683000000| Untracked 
|   8|0x0000000683000000, 0x0000000683400000, 0x0000000683400000|100%| O|  |TAMS 0x0000000683400000, 0x0000000683400000| Untracked 
|   9|0x0000000683400000, 0x0000000683800000, 0x0000000683800000|100%| O|  |TAMS 0x0000000683800000, 0x0000000683800000| Untracked 
|  10|0x0000000683800000, 0x0000000683c00000, 0x0000000683c00000|100%| O|  |TAMS 0x0000000683c00000, 0x0000000683c00000| Untracked 
|  11|0x0000000683c00000, 0x0000000684000000, 0x0000000684000000|100%| O|  |TAMS 0x0000000684000000, 0x0000000684000000| Untracked 
|  12|0x0000000684000000, 0x0000000684400000, 0x0000000684400000|100%| O|  |TAMS 0x0000000684400000, 0x0000000684400000| Untracked 
|  13|0x0000000684400000, 0x0000000684800000, 0x0000000684800000|100%| O|  |TAMS 0x0000000684800000, 0x0000000684800000| Untracked 
|  14|0x0000000684800000, 0x0000000684c00000, 0x0000000684c00000|100%| O|  |TAMS 0x0000000684c00000, 0x0000000684c00000| Untracked 
|  15|0x0000000684c00000, 0x0000000685000000, 0x0000000685000000|100%| O|  |TAMS 0x0000000685000000, 0x0000000685000000| Untracked 
|  16|0x0000000685000000, 0x0000000685400000, 0x0000000685400000|100%|HS|  |TAMS 0x0000000685400000, 0x0000000685400000| Complete 
|  17|0x0000000685400000, 0x0000000685800000, 0x0000000685800000|100%|HC|  |TAMS 0x0000000685800000, 0x0000000685800000| Complete 
|  18|0x0000000685800000, 0x0000000685c00000, 0x0000000685c00000|100%|HC|  |TAMS 0x0000000685c00000, 0x0000000685c00000| Complete 
|  19|0x0000000685c00000, 0x0000000686000000, 0x0000000686000000|100%|HC|  |TAMS 0x0000000686000000, 0x0000000686000000| Complete 
|  20|0x0000000686000000, 0x0000000686400000, 0x0000000686400000|100%|HC|  |TAMS 0x0000000686400000, 0x0000000686400000| Complete 
|  21|0x0000000686400000, 0x0000000686800000, 0x0000000686800000|100%|HC|  |TAMS 0x0000000686800000, 0x0000000686800000| Complete 
|  22|0x0000000686800000, 0x0000000686c00000, 0x0000000686c00000|100%| O|  |TAMS 0x0000000686c00000, 0x0000000686c00000| Untracked 
|  23|0x0000000686c00000, 0x0000000687000000, 0x0000000687000000|100%| O|  |TAMS 0x0000000687000000, 0x0000000687000000| Untracked 
|  24|0x0000000687000000, 0x0000000687400000, 0x0000000687400000|100%| O|  |TAMS 0x0000000687400000, 0x0000000687400000| Untracked 
|  25|0x0000000687400000, 0x0000000687800000, 0x0000000687800000|100%|HS|  |TAMS 0x0000000687800000, 0x0000000687800000| Complete 
|  26|0x0000000687800000, 0x0000000687c00000, 0x0000000687c00000|100%|HC|  |TAMS 0x0000000687c00000, 0x0000000687c00000| Complete 
|  27|0x0000000687c00000, 0x0000000688000000, 0x0000000688000000|100%|HC|  |TAMS 0x0000000688000000, 0x0000000688000000| Complete 
|  28|0x0000000688000000, 0x0000000688400000, 0x0000000688400000|100%|HC|  |TAMS 0x0000000688400000, 0x0000000688400000| Complete 
|  29|0x0000000688400000, 0x0000000688800000, 0x0000000688800000|100%|HC|  |TAMS 0x0000000688800000, 0x0000000688800000| Complete 
|  30|0x0000000688800000, 0x0000000688c00000, 0x0000000688c00000|100%|HC|  |TAMS 0x0000000688c00000, 0x0000000688c00000| Complete 
|  31|0x0000000688c00000, 0x0000000689000000, 0x0000000689000000|100%|HC|  |TAMS 0x0000000689000000, 0x0000000689000000| Complete 
|  32|0x0000000689000000, 0x0000000689400000, 0x0000000689400000|100%|HC|  |TAMS 0x0000000689400000, 0x0000000689400000| Complete 
|  33|0x0000000689400000, 0x0000000689800000, 0x0000000689800000|100%|HC|  |TAMS 0x0000000689800000, 0x0000000689800000| Complete 
|  34|0x0000000689800000, 0x0000000689c00000, 0x0000000689c00000|100%|HC|  |TAMS 0x0000000689c00000, 0x0000000689c00000| Complete 
|  35|0x0000000689c00000, 0x000000068a000000, 0x000000068a000000|100%|HC|  |TAMS 0x000000068a000000, 0x000000068a000000| Complete 
|  36|0x000000068a000000, 0x000000068a400000, 0x000000068a400000|100%| O|  |TAMS 0x000000068a400000, 0x000000068a400000| Untracked 
|  37|0x000000068a400000, 0x000000068a800000, 0x000000068a800000|100%| O|  |TAMS 0x000000068a800000, 0x000000068a800000| Untracked 
|  38|0x000000068a800000, 0x000000068ac00000, 0x000000068ac00000|100%| O|  |TAMS 0x000000068ac00000, 0x000000068ac00000| Untracked 
|  39|0x000000068ac00000, 0x000000068b000000, 0x000000068b000000|100%| O|  |TAMS 0x000000068b000000, 0x000000068b000000| Untracked 
|  40|0x000000068b000000, 0x000000068b400000, 0x000000068b400000|100%| O|  |TAMS 0x000000068b400000, 0x000000068b400000| Untracked 
|  41|0x000000068b400000, 0x000000068b800000, 0x000000068b800000|100%| O|  |TAMS 0x000000068b800000, 0x000000068b800000| Untracked 
|  42|0x000000068b800000, 0x000000068bc00000, 0x000000068bc00000|100%| O|  |TAMS 0x000000068bc00000, 0x000000068bc00000| Untracked 
|  43|0x000000068bc00000, 0x000000068c000000, 0x000000068c000000|100%| O|  |TAMS 0x000000068c000000, 0x000000068c000000| Untracked 
|  44|0x000000068c000000, 0x000000068c400000, 0x000000068c400000|100%| O|  |TAMS 0x000000068c400000, 0x000000068c400000| Untracked 
|  45|0x000000068c400000, 0x000000068c800000, 0x000000068c800000|100%| O|  |TAMS 0x000000068c800000, 0x000000068c800000| Untracked 
|  46|0x000000068c800000, 0x000000068cc00000, 0x000000068cc00000|100%| O|  |TAMS 0x000000068cc00000, 0x000000068cc00000| Untracked 
|  47|0x000000068cc00000, 0x000000068d000000, 0x000000068d000000|100%| O|  |TAMS 0x000000068d000000, 0x000000068d000000| Untracked 
|  48|0x000000068d000000, 0x000000068d400000, 0x000000068d400000|100%| O|  |TAMS 0x000000068d400000, 0x000000068d400000| Untracked 
|  49|0x000000068d400000, 0x000000068d800000, 0x000000068d800000|100%| O|  |TAMS 0x000000068d800000, 0x000000068d800000| Untracked 
|  50|0x000000068d800000, 0x000000068dc00000, 0x000000068dc00000|100%| O|  |TAMS 0x000000068db0ac00, 0x000000068dc00000| Untracked 
|  51|0x000000068dc00000, 0x000000068e000000, 0x000000068e000000|100%| O|  |TAMS 0x000000068dc00000, 0x000000068e000000| Untracked 
|  52|0x000000068e000000, 0x000000068e400000, 0x000000068e400000|100%| O|  |TAMS 0x000000068e000000, 0x000000068e400000| Untracked 
|  53|0x000000068e400000, 0x000000068e800000, 0x000000068e800000|100%| O|  |TAMS 0x000000068e400000, 0x000000068e800000| Untracked 
|  54|0x000000068e800000, 0x000000068ec00000, 0x000000068ec00000|100%| O|  |TAMS 0x000000068e800000, 0x000000068ec00000| Untracked 
|  55|0x000000068ec00000, 0x000000068f000000, 0x000000068f000000|100%| O|  |TAMS 0x000000068ec00000, 0x000000068f000000| Untracked 
|  56|0x000000068f000000, 0x000000068f400000, 0x000000068f400000|100%| O|  |TAMS 0x000000068f000000, 0x000000068f400000| Untracked 
|  57|0x000000068f400000, 0x000000068f800000, 0x000000068f800000|100%| O|  |TAMS 0x000000068f400000, 0x000000068f800000| Untracked 
|  58|0x000000068f800000, 0x000000068fc00000, 0x000000068fc00000|100%| O|  |TAMS 0x000000068f800000, 0x000000068fc00000| Untracked 
|  59|0x000000068fc00000, 0x0000000690000000, 0x0000000690000000|100%| O|  |TAMS 0x000000068fc00000, 0x0000000690000000| Untracked 
|  60|0x0000000690000000, 0x0000000690400000, 0x0000000690400000|100%| O|  |TAMS 0x0000000690000000, 0x0000000690400000| Untracked 
|  61|0x0000000690400000, 0x0000000690800000, 0x0000000690800000|100%| O|  |TAMS 0x0000000690400000, 0x0000000690800000| Untracked 
|  62|0x0000000690800000, 0x0000000690c00000, 0x0000000690c00000|100%| O|  |TAMS 0x0000000690800000, 0x0000000690c00000| Untracked 
|  63|0x0000000690c00000, 0x0000000691000000, 0x0000000691000000|100%| O|  |TAMS 0x0000000690c00000, 0x0000000691000000| Untracked 
|  64|0x0000000691000000, 0x0000000691400000, 0x0000000691400000|100%| O|  |TAMS 0x0000000691000000, 0x0000000691400000| Untracked 
|  65|0x0000000691400000, 0x0000000691800000, 0x0000000691800000|100%| O|  |TAMS 0x0000000691400000, 0x0000000691800000| Untracked 
|  66|0x0000000691800000, 0x0000000691c00000, 0x0000000691c00000|100%| O|  |TAMS 0x0000000691800000, 0x0000000691c00000| Untracked 
|  67|0x0000000691c00000, 0x0000000692000000, 0x0000000692000000|100%| O|  |TAMS 0x0000000691c00000, 0x0000000692000000| Untracked 
|  68|0x0000000692000000, 0x0000000692400000, 0x0000000692400000|100%| O|  |TAMS 0x0000000692000000, 0x0000000692400000| Untracked 
|  69|0x0000000692400000, 0x0000000692800000, 0x0000000692800000|100%| O|  |TAMS 0x0000000692400000, 0x0000000692800000| Untracked 
|  70|0x0000000692800000, 0x0000000692c00000, 0x0000000692c00000|100%| O|  |TAMS 0x0000000692800000, 0x0000000692c00000| Untracked 
|  71|0x0000000692c00000, 0x0000000693000000, 0x0000000693000000|100%| O|  |TAMS 0x0000000692c00000, 0x0000000693000000| Untracked 
|  72|0x0000000693000000, 0x0000000693400000, 0x0000000693400000|100%| O|  |TAMS 0x0000000693000000, 0x0000000693400000| Untracked 
|  73|0x0000000693400000, 0x0000000693800000, 0x0000000693800000|100%| O|  |TAMS 0x0000000693400000, 0x0000000693400000| Untracked 
|  74|0x0000000693800000, 0x0000000693c00000, 0x0000000693c00000|100%| O|  |TAMS 0x0000000693800000, 0x0000000693c00000| Untracked 
|  75|0x0000000693c00000, 0x0000000694000000, 0x0000000694000000|100%| O|  |TAMS 0x0000000693c00000, 0x0000000694000000| Untracked 
|  76|0x0000000694000000, 0x0000000694400000, 0x0000000694400000|100%| O|  |TAMS 0x0000000694000000, 0x0000000694400000| Untracked 
|  77|0x0000000694400000, 0x0000000694800000, 0x0000000694800000|100%| O|  |TAMS 0x0000000694400000, 0x0000000694800000| Untracked 
|  78|0x0000000694800000, 0x0000000694c00000, 0x0000000694c00000|100%| O|  |TAMS 0x0000000694800000, 0x0000000694c00000| Untracked 
|  79|0x0000000694c00000, 0x0000000695000000, 0x0000000695000000|100%| O|  |TAMS 0x0000000694c00000, 0x0000000695000000| Untracked 
|  80|0x0000000695000000, 0x0000000695400000, 0x0000000695400000|100%| O|  |TAMS 0x0000000695000000, 0x00000006953e5800| Untracked 
|  81|0x0000000695400000, 0x0000000695800000, 0x0000000695800000|100%| O|  |TAMS 0x0000000695400000, 0x0000000695400000| Untracked 
|  82|0x0000000695800000, 0x0000000695c00000, 0x0000000695c00000|100%| O|  |TAMS 0x0000000695800000, 0x0000000695800000| Untracked 
|  83|0x0000000695c00000, 0x0000000696000000, 0x0000000696000000|100%| O|  |TAMS 0x0000000695c00000, 0x0000000695c00000| Untracked 
|  84|0x0000000696000000, 0x0000000696400000, 0x0000000696400000|100%| O|  |TAMS 0x0000000696000000, 0x0000000696000000| Untracked 
|  85|0x0000000696400000, 0x0000000696800000, 0x0000000696800000|100%| O|  |TAMS 0x0000000696400000, 0x0000000696400000| Untracked 
|  86|0x0000000696800000, 0x0000000696c00000, 0x0000000696c00000|100%| O|  |TAMS 0x0000000696800000, 0x0000000696800000| Untracked 
|  87|0x0000000696c00000, 0x0000000697000000, 0x0000000697000000|100%| O|  |TAMS 0x0000000696c00000, 0x0000000696c00000| Untracked 
|  88|0x0000000697000000, 0x0000000697400000, 0x0000000697400000|100%| O|  |TAMS 0x0000000697000000, 0x0000000697000000| Untracked 
|  89|0x0000000697400000, 0x0000000697800000, 0x0000000697800000|100%| O|  |TAMS 0x0000000697400000, 0x0000000697400000| Untracked 
|  90|0x0000000697800000, 0x0000000697c00000, 0x0000000697c00000|100%| O|  |TAMS 0x0000000697800000, 0x0000000697800000| Untracked 
|  91|0x0000000697c00000, 0x0000000698000000, 0x0000000698000000|100%| O|  |TAMS 0x0000000697c00000, 0x0000000697c00000| Untracked 
|  92|0x0000000698000000, 0x0000000698400000, 0x0000000698400000|100%| O|  |TAMS 0x0000000698000000, 0x0000000698000000| Untracked 
|  93|0x0000000698400000, 0x0000000698800000, 0x0000000698800000|100%| O|  |TAMS 0x0000000698400000, 0x0000000698400000| Untracked 
|  94|0x0000000698800000, 0x0000000698c00000, 0x0000000698c00000|100%| O|  |TAMS 0x0000000698800000, 0x0000000698800000| Untracked 
|  95|0x0000000698c00000, 0x0000000699000000, 0x0000000699000000|100%| O|  |TAMS 0x0000000698c00000, 0x0000000698c00000| Untracked 
|  96|0x0000000699000000, 0x0000000699400000, 0x0000000699400000|100%| O|  |TAMS 0x0000000699000000, 0x0000000699000000| Untracked 
|  97|0x0000000699400000, 0x000000069960a400, 0x0000000699800000| 51%| O|  |TAMS 0x0000000699400000, 0x0000000699400000| Untracked 
|  98|0x0000000699800000, 0x0000000699800000, 0x0000000699c00000|  0%| F|  |TAMS 0x0000000699800000, 0x0000000699800000| Untracked 
|  99|0x0000000699c00000, 0x0000000699c00000, 0x000000069a000000|  0%| F|  |TAMS 0x0000000699c00000, 0x0000000699c00000| Untracked 
| 100|0x000000069a000000, 0x000000069a000000, 0x000000069a400000|  0%| F|  |TAMS 0x000000069a000000, 0x000000069a000000| Untracked 
| 101|0x000000069a400000, 0x000000069a400000, 0x000000069a800000|  0%| F|  |TAMS 0x000000069a400000, 0x000000069a400000| Untracked 
| 102|0x000000069a800000, 0x000000069a800000, 0x000000069ac00000|  0%| F|  |TAMS 0x000000069a800000, 0x000000069a800000| Untracked 
| 103|0x000000069ac00000, 0x000000069ac00000, 0x000000069b000000|  0%| F|  |TAMS 0x000000069ac00000, 0x000000069ac00000| Untracked 
| 104|0x000000069b000000, 0x000000069b000000, 0x000000069b400000|  0%| F|  |TAMS 0x000000069b000000, 0x000000069b000000| Untracked 
| 105|0x000000069b400000, 0x000000069b400000, 0x000000069b800000|  0%| F|  |TAMS 0x000000069b400000, 0x000000069b400000| Untracked 
| 106|0x000000069b800000, 0x000000069b800000, 0x000000069bc00000|  0%| F|  |TAMS 0x000000069b800000, 0x000000069b800000| Untracked 
| 107|0x000000069bc00000, 0x000000069bc00000, 0x000000069c000000|  0%| F|  |TAMS 0x000000069bc00000, 0x000000069bc00000| Untracked 
| 108|0x000000069c000000, 0x000000069c000000, 0x000000069c400000|  0%| F|  |TAMS 0x000000069c000000, 0x000000069c000000| Untracked 
| 109|0x000000069c400000, 0x000000069c400000, 0x000000069c800000|  0%| F|  |TAMS 0x000000069c400000, 0x000000069c400000| Untracked 
| 110|0x000000069c800000, 0x000000069c800000, 0x000000069cc00000|  0%| F|  |TAMS 0x000000069c800000, 0x000000069c800000| Untracked 
| 111|0x000000069cc00000, 0x000000069cc00000, 0x000000069d000000|  0%| F|  |TAMS 0x000000069cc00000, 0x000000069cc00000| Untracked 
| 112|0x000000069d000000, 0x000000069d000000, 0x000000069d400000|  0%| F|  |TAMS 0x000000069d000000, 0x000000069d000000| Untracked 
| 113|0x000000069d400000, 0x000000069d400000, 0x000000069d800000|  0%| F|  |TAMS 0x000000069d400000, 0x000000069d400000| Untracked 
| 114|0x000000069d800000, 0x000000069d800000, 0x000000069dc00000|  0%| F|  |TAMS 0x000000069d800000, 0x000000069d800000| Untracked 
| 115|0x000000069dc00000, 0x000000069dc00000, 0x000000069e000000|  0%| F|  |TAMS 0x000000069dc00000, 0x000000069dc00000| Untracked 
| 116|0x000000069e000000, 0x000000069e000000, 0x000000069e400000|  0%| F|  |TAMS 0x000000069e000000, 0x000000069e000000| Untracked 
| 117|0x000000069e400000, 0x000000069e400000, 0x000000069e800000|  0%| F|  |TAMS 0x000000069e400000, 0x000000069e400000| Untracked 
| 118|0x000000069e800000, 0x000000069e800000, 0x000000069ec00000|  0%| F|  |TAMS 0x000000069e800000, 0x000000069e800000| Untracked 
| 119|0x000000069ec00000, 0x000000069ec00000, 0x000000069f000000|  0%| F|  |TAMS 0x000000069ec00000, 0x000000069ec00000| Untracked 
| 120|0x000000069f000000, 0x000000069f000000, 0x000000069f400000|  0%| F|  |TAMS 0x000000069f000000, 0x000000069f000000| Untracked 
| 121|0x000000069f400000, 0x000000069f400000, 0x000000069f800000|  0%| F|  |TAMS 0x000000069f400000, 0x000000069f400000| Untracked 
| 122|0x000000069f800000, 0x000000069f800000, 0x000000069fc00000|  0%| F|  |TAMS 0x000000069f800000, 0x000000069f800000| Untracked 
| 123|0x000000069fc00000, 0x000000069fc00000, 0x00000006a0000000|  0%| F|  |TAMS 0x000000069fc00000, 0x000000069fc00000| Untracked 
| 124|0x00000006a0000000, 0x00000006a0000000, 0x00000006a0400000|  0%| F|  |TAMS 0x00000006a0000000, 0x00000006a0000000| Untracked 
| 125|0x00000006a0400000, 0x00000006a0400000, 0x00000006a0800000|  0%| F|  |TAMS 0x00000006a0400000, 0x00000006a0400000| Untracked 
| 126|0x00000006a0800000, 0x00000006a0800000, 0x00000006a0c00000|  0%| F|  |TAMS 0x00000006a0800000, 0x00000006a0800000| Untracked 
| 127|0x00000006a0c00000, 0x00000006a0c00000, 0x00000006a1000000|  0%| F|  |TAMS 0x00000006a0c00000, 0x00000006a0c00000| Untracked 
| 128|0x00000006a1000000, 0x00000006a1000000, 0x00000006a1400000|  0%| F|  |TAMS 0x00000006a1000000, 0x00000006a1000000| Untracked 
| 129|0x00000006a1400000, 0x00000006a1400000, 0x00000006a1800000|  0%| F|  |TAMS 0x00000006a1400000, 0x00000006a1400000| Untracked 
| 130|0x00000006a1800000, 0x00000006a1800000, 0x00000006a1c00000|  0%| F|  |TAMS 0x00000006a1800000, 0x00000006a1800000| Untracked 
| 131|0x00000006a1c00000, 0x00000006a1c00000, 0x00000006a2000000|  0%| F|  |TAMS 0x00000006a1c00000, 0x00000006a1c00000| Untracked 
| 132|0x00000006a2000000, 0x00000006a2000000, 0x00000006a2400000|  0%| F|  |TAMS 0x00000006a2000000, 0x00000006a2000000| Untracked 
| 133|0x00000006a2400000, 0x00000006a2400000, 0x00000006a2800000|  0%| F|  |TAMS 0x00000006a2400000, 0x00000006a2400000| Untracked 
| 134|0x00000006a2800000, 0x00000006a2800000, 0x00000006a2c00000|  0%| F|  |TAMS 0x00000006a2800000, 0x00000006a2800000| Untracked 
| 135|0x00000006a2c00000, 0x00000006a3000000, 0x00000006a3000000|100%| S|CS|TAMS 0x00000006a2c00000, 0x00000006a2c00000| Complete 
| 136|0x00000006a3000000, 0x00000006a3400000, 0x00000006a3400000|100%| S|CS|TAMS 0x00000006a3000000, 0x00000006a3000000| Complete 
| 137|0x00000006a3400000, 0x00000006a3800000, 0x00000006a3800000|100%| S|CS|TAMS 0x00000006a3400000, 0x00000006a3400000| Complete 
| 138|0x00000006a3800000, 0x00000006a3800000, 0x00000006a3c00000|  0%| F|  |TAMS 0x00000006a3800000, 0x00000006a3800000| Untracked 
| 139|0x00000006a3c00000, 0x00000006a3c00000, 0x00000006a4000000|  0%| F|  |TAMS 0x00000006a3c00000, 0x00000006a3c00000| Untracked 
| 140|0x00000006a4000000, 0x00000006a4000000, 0x00000006a4400000|  0%| F|  |TAMS 0x00000006a4000000, 0x00000006a4000000| Untracked 
| 141|0x00000006a4400000, 0x00000006a4400000, 0x00000006a4800000|  0%| F|  |TAMS 0x00000006a4400000, 0x00000006a4400000| Untracked 
| 142|0x00000006a4800000, 0x00000006a4800000, 0x00000006a4c00000|  0%| F|  |TAMS 0x00000006a4800000, 0x00000006a4800000| Untracked 
| 143|0x00000006a4c00000, 0x00000006a4c00000, 0x00000006a5000000|  0%| F|  |TAMS 0x00000006a4c00000, 0x00000006a4c00000| Untracked 
| 144|0x00000006a5000000, 0x00000006a5000000, 0x00000006a5400000|  0%| F|  |TAMS 0x00000006a5000000, 0x00000006a5000000| Untracked 
| 145|0x00000006a5400000, 0x00000006a5400000, 0x00000006a5800000|  0%| F|  |TAMS 0x00000006a5400000, 0x00000006a5400000| Untracked 
| 146|0x00000006a5800000, 0x00000006a5800000, 0x00000006a5c00000|  0%| F|  |TAMS 0x00000006a5800000, 0x00000006a5800000| Untracked 
| 147|0x00000006a5c00000, 0x00000006a5c00000, 0x00000006a6000000|  0%| F|  |TAMS 0x00000006a5c00000, 0x00000006a5c00000| Untracked 
| 148|0x00000006a6000000, 0x00000006a6000000, 0x00000006a6400000|  0%| F|  |TAMS 0x00000006a6000000, 0x00000006a6000000| Untracked 
| 149|0x00000006a6400000, 0x00000006a6400000, 0x00000006a6800000|  0%| F|  |TAMS 0x00000006a6400000, 0x00000006a6400000| Untracked 
| 150|0x00000006a6800000, 0x00000006a6c00000, 0x00000006a6c00000|100%| E|  |TAMS 0x00000006a6800000, 0x00000006a6800000| Complete 
| 151|0x00000006a6c00000, 0x00000006a7000000, 0x00000006a7000000|100%| E|CS|TAMS 0x00000006a6c00000, 0x00000006a6c00000| Complete 
| 152|0x00000006a7000000, 0x00000006a7400000, 0x00000006a7400000|100%| E|CS|TAMS 0x00000006a7000000, 0x00000006a7000000| Complete 
| 153|0x00000006a7400000, 0x00000006a7800000, 0x00000006a7800000|100%| E|CS|TAMS 0x00000006a7400000, 0x00000006a7400000| Complete 

Card table byte_map: [0x000001e734c10000,0x000001e735810000] _byte_map_base: 0x000001e731808000

Marking Bits (Prev, Next): (CMBitMap*) 0x000001e71a692c70, (CMBitMap*) 0x000001e71a692c30
 Prev Bits: [0x000001e73c3d0000, 0x000001e742390000)
 Next Bits: [0x000001e736410000, 0x000001e73c3d0000)

Polling page: 0x000001e71a410000

Metaspace:

Usage:
  Non-class:     20.07 MB capacity,    19.94 MB (>99%) used,   105.57 KB ( <1%) free+waste,    25.88 KB ( <1%) overhead. 
      Class:      2.19 MB capacity,     2.13 MB ( 97%) used,    52.23 KB (  2%) free+waste,     8.19 KB ( <1%) overhead. 
       Both:     22.25 MB capacity,    22.07 MB (>99%) used,   157.80 KB ( <1%) free+waste,    34.06 KB ( <1%) overhead. 

Virtual space:
  Non-class space:       22.00 MB reserved,      20.42 MB ( 93%) committed 
      Class space:        1.00 GB reserved,       2.25 MB ( <1%) committed 
             Both:        1.02 GB reserved,      22.67 MB (  2%) committed 

Chunk freelists:
   Non-Class:  170.00 KB
       Class:  32.00 KB
        Both:  200.00 KB

MaxMetaspaceSize: 17179869184.00 GB
CompressedClassSpaceSize: 1.00 GB

CodeHeap 'non-profiled nmethods': size=119168Kb used=1176Kb max_used=1176Kb free=117992Kb
 bounds [0x000001e72bbe0000, 0x000001e72be50000, 0x000001e733040000]
CodeHeap 'profiled nmethods': size=119104Kb used=6655Kb max_used=6655Kb free=112448Kb
 bounds [0x000001e724790000, 0x000001e724e10000, 0x000001e72bbe0000]
CodeHeap 'non-nmethods': size=7488Kb used=2792Kb max_used=3396Kb free=4695Kb
 bounds [0x000001e724040000, 0x000001e7243a0000, 0x000001e724790000]
 total_blobs=4309 nmethods=3243 adapters=976
 compilation: enabled
              stopped_count=0, restarted_count=0
 full_count=0

Compilation events (20 events):
Event: 10.539 Thread 0x000001e744940fa0 3149 %     4       volume.GradientVolume::compute @ 5 (199 bytes)
Event: 10.542 Thread 0x000001e744940fa0 nmethod 3149% 0x000001e72bd01210 code [0x000001e72bd013a0, 0x000001e72bd01578]
Event: 10.542 Thread 0x000001e7511daee0 3150       4       volume.GradientVolume::compute (199 bytes)
Event: 10.544 Thread 0x000001e7511daee0 nmethod 3150 0x000001e72bd01710 code [0x000001e72bd018a0, 0x000001e72bd01a98]
Event: 10.596 Thread 0x000001e75202c010 3151       3       volume.Volume::getVoxel (21 bytes)
Event: 10.596 Thread 0x000001e75202c010 nmethod 3151 0x000001e724de2f10 code [0x000001e724de30a0, 0x000001e724de31d8]
Event: 10.596 Thread 0x000001e75202c010 3153       3       volume.GradientVolume::setGradient (23 bytes)
Event: 10.596 Thread 0x000001e744949800 3152       3       volume.VoxelGradient::<init> (58 bytes)
Event: 10.596 Thread 0x000001e7511daee0 3154       4       volume.Volume::getVoxel (21 bytes)
Event: 10.596 Thread 0x000001e75202c010 nmethod 3153 0x000001e724de3310 code [0x000001e724de34c0, 0x000001e724de3798]
Event: 10.597 Thread 0x000001e744949800 nmethod 3152 0x000001e724de3890 code [0x000001e724de3a20, 0x000001e724de3bd8]
Event: 10.597 Thread 0x000001e75202c010 3155 %     3       volume.GradientVolume::compute @ 42 (199 bytes)
Event: 10.597 Thread 0x000001e7511daee0 nmethod 3154 0x000001e72bd01c90 code [0x000001e72bd01e00, 0x000001e72bd01eb8]
Event: 10.597 Thread 0x000001e75202c010 nmethod 3155% 0x000001e724de3c90 code [0x000001e724de3f20, 0x000001e724de4938]
Event: 10.598 Thread 0x000001e744940fa0 3156       4       volume.VoxelGradient::<init> (58 bytes)
Event: 10.598 Thread 0x000001e7511daee0 3157       4       volume.GradientVolume::setGradient (23 bytes)
Event: 10.598 Thread 0x000001e744940fa0 nmethod 3156 0x000001e72bd01f90 code [0x000001e72bd02100, 0x000001e72bd02198]
Event: 10.599 Thread 0x000001e7511daee0 nmethod 3157 0x000001e72bd02290 code [0x000001e72bd02400, 0x000001e72bd02578]
Event: 10.609 Thread 0x000001e744940fa0 3158 %     4       volume.GradientVolume::compute @ 42 (199 bytes)
Event: 10.618 Thread 0x000001e744940fa0 nmethod 3158% 0x000001e72bd02690 code [0x000001e72bd02860, 0x000001e72bd02ef8]

GC Heap History (20 events):
Event: 10.990 GC heap before
{Heap before GC invocations=13 (full 0):
 garbage-first heap   total 155648K, used 126626K [0x0000000681000000, 0x0000000800000000)
  region size 4096K, 2 young (8192K), 1 survivors (4096K)
 Metaspace       used 21917K, capacity 22176K, committed 22448K, reserved 1069056K
  class space    used 2111K, capacity 2206K, committed 2304K, reserved 1048576K
}
Event: 10.999 GC heap after
{Heap after GC invocations=14 (full 0):
 garbage-first heap   total 155648K, used 127158K [0x0000000681000000, 0x0000000800000000)
  region size 4096K, 1 young (4096K), 1 survivors (4096K)
 Metaspace       used 21917K, capacity 22176K, committed 22448K, reserved 1069056K
  class space    used 2111K, capacity 2206K, committed 2304K, reserved 1048576K
}
Event: 11.024 GC heap before
{Heap before GC invocations=14 (full 0):
 garbage-first heap   total 225280K, used 131254K [0x0000000681000000, 0x0000000800000000)
  region size 4096K, 2 young (8192K), 1 survivors (4096K)
 Metaspace       used 21917K, capacity 22176K, committed 22448K, reserved 1069056K
  class space    used 2111K, capacity 2206K, committed 2304K, reserved 1048576K
}
Event: 11.033 GC heap after
{Heap after GC invocations=15 (full 0):
 garbage-first heap   total 225280K, used 131653K [0x0000000681000000, 0x0000000800000000)
  region size 4096K, 1 young (4096K), 1 survivors (4096K)
 Metaspace       used 21917K, capacity 22176K, committed 22448K, reserved 1069056K
  class space    used 2111K, capacity 2206K, committed 2304K, reserved 1048576K
}
Event: 11.153 GC heap before
{Heap before GC invocations=16 (full 0):
 garbage-first heap   total 225280K, used 152133K [0x0000000681000000, 0x0000000800000000)
  region size 4096K, 6 young (24576K), 1 survivors (4096K)
 Metaspace       used 21917K, capacity 22176K, committed 22448K, reserved 1069056K
  class space    used 2111K, capacity 2206K, committed 2304K, reserved 1048576K
}
Event: 11.168 GC heap after
{Heap after GC invocations=17 (full 0):
 garbage-first heap   total 225280K, used 152343K [0x0000000681000000, 0x0000000800000000)
  region size 4096K, 1 young (4096K), 1 survivors (4096K)
 Metaspace       used 21917K, capacity 22176K, committed 22448K, reserved 1069056K
  class space    used 2111K, capacity 2206K, committed 2304K, reserved 1048576K
}
Event: 11.226 GC heap before
{Heap before GC invocations=17 (full 0):
 garbage-first heap   total 225280K, used 164631K [0x0000000681000000, 0x0000000800000000)
  region size 4096K, 4 young (16384K), 1 survivors (4096K)
 Metaspace       used 21917K, capacity 22176K, committed 22448K, reserved 1069056K
  class space    used 2111K, capacity 2206K, committed 2304K, reserved 1048576K
}
Event: 11.239 GC heap after
{Heap after GC invocations=18 (full 0):
 garbage-first heap   total 270336K, used 165959K [0x0000000681000000, 0x0000000800000000)
  region size 4096K, 1 young (4096K), 1 survivors (4096K)
 Metaspace       used 21917K, capacity 22176K, committed 22448K, reserved 1069056K
  class space    used 2111K, capacity 2206K, committed 2304K, reserved 1048576K
}
Event: 11.344 GC heap before
{Heap before GC invocations=18 (full 0):
 garbage-first heap   total 315392K, used 182343K [0x0000000681000000, 0x0000000800000000)
  region size 4096K, 5 young (20480K), 1 survivors (4096K)
 Metaspace       used 21917K, capacity 22176K, committed 22448K, reserved 1069056K
  class space    used 2111K, capacity 2206K, committed 2304K, reserved 1048576K
}
Event: 11.359 GC heap after
{Heap after GC invocations=19 (full 0):
 garbage-first heap   total 315392K, used 183315K [0x0000000681000000, 0x0000000800000000)
  region size 4096K, 1 young (4096K), 1 survivors (4096K)
 Metaspace       used 21917K, capacity 22176K, committed 22448K, reserved 1069056K
  class space    used 2111K, capacity 2206K, committed 2304K, reserved 1048576K
}
Event: 11.529 GC heap before
{Heap before GC invocations=20 (full 0):
 garbage-first heap   total 315392K, used 207891K [0x0000000681000000, 0x0000000800000000)
  region size 4096K, 7 young (28672K), 1 survivors (4096K)
 Metaspace       used 21917K, capacity 22176K, committed 22448K, reserved 1069056K
  class space    used 2111K, capacity 2206K, committed 2304K, reserved 1048576K
}
Event: 11.545 GC heap after
{Heap after GC invocations=21 (full 0):
 garbage-first heap   total 315392K, used 209491K [0x0000000681000000, 0x0000000800000000)
  region size 4096K, 1 young (4096K), 1 survivors (4096K)
 Metaspace       used 21917K, capacity 22176K, committed 22448K, reserved 1069056K
  class space    used 2111K, capacity 2206K, committed 2304K, reserved 1048576K
}
Event: 11.620 GC heap before
{Heap before GC invocations=21 (full 0):
 garbage-first heap   total 315392K, used 225875K [0x0000000681000000, 0x0000000800000000)
  region size 4096K, 5 young (20480K), 1 survivors (4096K)
 Metaspace       used 21917K, capacity 22176K, committed 22448K, reserved 1069056K
  class space    used 2111K, capacity 2206K, committed 2304K, reserved 1048576K
}
Event: 11.632 GC heap after
{Heap after GC invocations=22 (full 0):
 garbage-first heap   total 315392K, used 228130K [0x0000000681000000, 0x0000000800000000)
  region size 4096K, 1 young (4096K), 1 survivors (4096K)
 Metaspace       used 21917K, capacity 22176K, committed 22448K, reserved 1069056K
  class space    used 2111K, capacity 2206K, committed 2304K, reserved 1048576K
}
Event: 11.698 GC heap before
{Heap before GC invocations=22 (full 0):
 garbage-first heap   total 315392K, used 240418K [0x0000000681000000, 0x0000000800000000)
  region size 4096K, 4 young (16384K), 1 survivors (4096K)
 Metaspace       used 21917K, capacity 22176K, committed 22448K, reserved 1069056K
  class space    used 2111K, capacity 2206K, committed 2304K, reserved 1048576K
}
Event: 11.712 GC heap after
{Heap after GC invocations=23 (full 0):
 garbage-first heap   total 630784K, used 241692K [0x0000000681000000, 0x0000000800000000)
  region size 4096K, 1 young (4096K), 1 survivors (4096K)
 Metaspace       used 21917K, capacity 22176K, committed 22448K, reserved 1069056K
  class space    used 2111K, capacity 2206K, committed 2304K, reserved 1048576K
}
Event: 12.281 GC heap before
{Heap before GC invocations=24 (full 0):
 garbage-first heap   total 630784K, used 335900K [0x0000000681000000, 0x0000000800000000)
  region size 4096K, 24 young (98304K), 1 survivors (4096K)
 Metaspace       used 21917K, capacity 22176K, committed 22448K, reserved 1069056K
  class space    used 2111K, capacity 2206K, committed 2304K, reserved 1048576K
}
Event: 12.343 GC heap after
{Heap after GC invocations=25 (full 0):
 garbage-first heap   total 630784K, used 337342K [0x0000000681000000, 0x0000000800000000)
  region size 4096K, 3 young (12288K), 3 survivors (12288K)
 Metaspace       used 21917K, capacity 22176K, committed 22448K, reserved 1069056K
  class space    used 2111K, capacity 2206K, committed 2304K, reserved 1048576K
}
Event: 12.648 GC heap before
{Heap before GC invocations=25 (full 0):
 garbage-first heap   total 630784K, used 402878K [0x0000000681000000, 0x0000000800000000)
  region size 4096K, 19 young (77824K), 3 survivors (12288K)
 Metaspace       used 21917K, capacity 22176K, committed 22448K, reserved 1069056K
  class space    used 2111K, capacity 2206K, committed 2304K, reserved 1048576K
}
Event: 12.692 GC heap after
{Heap after GC invocations=26 (full 0):
 garbage-first heap   total 630784K, used 409169K [0x0000000681000000, 0x0000000800000000)
  region size 4096K, 3 young (12288K), 3 survivors (12288K)
 Metaspace       used 21917K, capacity 22176K, committed 22448K, reserved 1069056K
  class space    used 2111K, capacity 2206K, committed 2304K, reserved 1048576K
}

Deoptimization events (20 events):
Event: 10.599 Thread 0x000001e746f6e010 DEOPT PACKING pc=0x000001e724de4839 sp=0x000000672eafddd0
Event: 10.599 Thread 0x000001e746f6e010 DEOPT UNPACKING pc=0x000001e72408e23f sp=0x000000672eafd290 mode 0
Event: 10.601 Thread 0x000001e746f6e010 DEOPT PACKING pc=0x000001e724de4839 sp=0x000000672eafddd0
Event: 10.601 Thread 0x000001e746f6e010 DEOPT UNPACKING pc=0x000001e72408e23f sp=0x000000672eafd290 mode 0
Event: 10.603 Thread 0x000001e746f6e010 DEOPT PACKING pc=0x000001e724de4839 sp=0x000000672eafddd0
Event: 10.603 Thread 0x000001e746f6e010 DEOPT UNPACKING pc=0x000001e72408e23f sp=0x000000672eafd290 mode 0
Event: 10.605 Thread 0x000001e746f6e010 DEOPT PACKING pc=0x000001e724de4839 sp=0x000000672eafddd0
Event: 10.605 Thread 0x000001e746f6e010 DEOPT UNPACKING pc=0x000001e72408e23f sp=0x000000672eafd290 mode 0
Event: 10.607 Thread 0x000001e746f6e010 DEOPT PACKING pc=0x000001e724de4839 sp=0x000000672eafddd0
Event: 10.607 Thread 0x000001e746f6e010 DEOPT UNPACKING pc=0x000001e72408e23f sp=0x000000672eafd290 mode 0
Event: 10.609 Thread 0x000001e746f6e010 DEOPT PACKING pc=0x000001e724de4839 sp=0x000000672eafddd0
Event: 10.609 Thread 0x000001e746f6e010 DEOPT UNPACKING pc=0x000001e72408e23f sp=0x000000672eafd290 mode 0
Event: 10.612 Thread 0x000001e746f6e010 DEOPT PACKING pc=0x000001e724de4839 sp=0x000000672eafddd0
Event: 10.612 Thread 0x000001e746f6e010 DEOPT UNPACKING pc=0x000001e72408e23f sp=0x000000672eafd290 mode 0
Event: 10.614 Thread 0x000001e746f6e010 DEOPT PACKING pc=0x000001e724de4839 sp=0x000000672eafddd0
Event: 10.614 Thread 0x000001e746f6e010 DEOPT UNPACKING pc=0x000001e72408e23f sp=0x000000672eafd290 mode 0
Event: 10.617 Thread 0x000001e746f6e010 DEOPT PACKING pc=0x000001e724de4839 sp=0x000000672eafddd0
Event: 10.617 Thread 0x000001e746f6e010 DEOPT UNPACKING pc=0x000001e72408e23f sp=0x000000672eafd290 mode 0
Event: 10.619 Thread 0x000001e746f6e010 DEOPT PACKING pc=0x000001e724de4839 sp=0x000000672eafddd0
Event: 10.619 Thread 0x000001e746f6e010 DEOPT UNPACKING pc=0x000001e72408e23f sp=0x000000672eafd290 mode 0

Classes unloaded (0 events):
No events

Classes redefined (0 events):
No events

Internal exceptions (20 events):
Event: 0.667 Thread 0x000001e746f6e010 Exception <a 'java/lang/NoSuchMethodError'{0x00000006987c4068}: 'void java.lang.invoke.DirectMethodHandle$Holder.invokeStaticInit(java.lang.Object)'> (0x00000006987c4068) 
thrown [./open/src/hotspot/share/interpreter/linkResolver.cpp, line 782]
Event: 0.751 Thread 0x000001e746f6e010 Implicit null exception at 0x000001e72bc134f4 to 0x000001e72bc13ad8
Event: 0.767 Thread 0x000001e746f6e010 Exception <a 'java/lang/NoSuchMethodError'{0x0000000698277ba0}: 'void java.lang.invoke.DirectMethodHandle$Holder.invokeStatic(java.lang.Object, java.lang.Object)'> (0x0000000698277ba0) 
thrown [./open/src/hotspot/share/interpreter/linkResolver.cpp, line 782]
Event: 0.768 Thread 0x000001e746f6e010 Exception <a 'java/lang/NoSuchMethodError'{0x000000069827b5a8}: 'void java.lang.invoke.DirectMethodHandle$Holder.invokeStaticInit(java.lang.Object, java.lang.Object)'> (0x000000069827b5a8) 
thrown [./open/src/hotspot/share/interpreter/linkResolver.cpp, line 782]
Event: 0.773 Thread 0x000001e746f6e010 Exception <a 'java/lang/NoSuchMethodError'{0x00000006982a85f8}: 'java.lang.Object java.lang.invoke.DirectMethodHandle$Holder.invokeStaticInit(java.lang.Object, int, int, int, int)'> (0x00000006982a85f8) 
thrown [./open/src/hotspot/share/interpreter/linkResolver.cpp, line 782]
Event: 0.830 Thread 0x000001e746f6e010 Exception <a 'java/lang/NoSuchMethodError'{0x0000000698315b38}: 'java.lang.Object java.lang.invoke.DirectMethodHandle$Holder.invokeStaticInit(java.lang.Object, java.lang.Object, int, int, int, int)'> (0x0000000698315b38) 
thrown [./open/src/hotspot/share/interpreter/linkResolver.cpp, line 782]
Event: 0.869 Thread 0x000001e746f6e010 Exception <a 'java/lang/NoSuchMethodError'{0x0000000698337998}: 'void java.lang.invoke.DirectMethodHandle$Holder.invokeStatic(java.lang.Object, long)'> (0x0000000698337998) 
thrown [./open/src/hotspot/share/interpreter/linkResolver.cpp, line 782]
Event: 0.869 Thread 0x000001e746f6e010 Exception <a 'java/lang/NoSuchMethodError'{0x000000069833d270}: 'java.lang.Object java.lang.invoke.DirectMethodHandle$Holder.newInvokeSpecial(java.lang.Object, long)'> (0x000000069833d270) 
thrown [./open/src/hotspot/share/interpreter/linkResolver.cpp, line 782]
Event: 0.870 Thread 0x000001e746f6e010 Exception <a 'java/lang/NoSuchMethodError'{0x0000000698347a08}: 'java.lang.Object java.lang.invoke.DirectMethodHandle$Holder.invokeStaticInit(java.lang.Object, java.lang.Object, long, java.lang.Object)'> (0x0000000698347a08) 
thrown [./open/src/hotspot/share/interpreter/linkResolver.cpp, line 782]
Event: 0.871 Thread 0x000001e746f6e010 Exception <a 'java/lang/NoSuchMethodError'{0x000000069834e430}: 'java.lang.Object java.lang.invoke.DirectMethodHandle$Holder.newInvokeSpecial(java.lang.Object, java.lang.Object, long)'> (0x000000069834e430) 
thrown [./open/src/hotspot/share/interpreter/linkResolver.cpp, line 782]
Event: 0.871 Thread 0x000001e746f6e010 Exception <a 'java/lang/NoSuchMethodError'{0x0000000698352408}: 'java.lang.Object java.lang.invoke.Invokers$Holder.linkToTargetMethod(java.lang.Object, long, java.lang.Object)'> (0x0000000698352408) 
thrown [./open/src/hotspot/share/interpreter/linkResolver.cpp, line 782]
Event: 0.908 Thread 0x000001e746f6e010 Exception <a 'sun/nio/fs/WindowsException'{0x0000000698385a40}> (0x0000000698385a40) 
thrown [./open/src/hotspot/share/prims/jni.cpp, line 578]
Event: 0.921 Thread 0x000001e746f6e010 Exception <a 'sun/nio/fs/WindowsException'{0x0000000697c3a5a8}> (0x0000000697c3a5a8) 
thrown [./open/src/hotspot/share/prims/jni.cpp, line 578]
Event: 5.646 Thread 0x000001e746f6e010 Exception <a 'java/lang/NoSuchMethodError'{0x0000000698be3da8}: 'void java.lang.invoke.DirectMethodHandle$Holder.invokeStatic(java.lang.Object, java.lang.Object, java.lang.Object)'> (0x0000000698be3da8) 
thrown [./open/src/hotspot/share/interpreter/linkResolver.cpp, line 782]
Event: 5.938 Thread 0x000001e746f6e010 Exception <a 'java/lang/NoSuchMethodError'{0x0000000698c21088}: 'int java.lang.invoke.DirectMethodHandle$Holder.invokeStatic(java.lang.Object)'> (0x0000000698c21088) 
thrown [./open/src/hotspot/share/interpreter/linkResolver.cpp, line 782]
Event: 6.881 Thread 0x000001e746f6e010 Implicit null exception at 0x000001e72bccce55 to 0x000001e72bccd382
Event: 6.881 Thread 0x000001e746f6e010 Implicit null exception at 0x000001e72bcc4f35 to 0x000001e72bcc55b4
Event: 6.881 Thread 0x000001e746f6e010 Implicit null exception at 0x000001e72bccce55 to 0x000001e72bccd382
Event: 6.881 Thread 0x000001e746f6e010 Implicit null exception at 0x000001e72bcc4f35 to 0x000001e72bcc55b4
Event: 6.881 Thread 0x000001e746f6e010 Implicit null exception at 0x000001e72bccce55 to 0x000001e72bccd382

Events (20 events):
Event: 11.326 Executing VM operation: G1Concurrent
Event: 11.327 Executing VM operation: G1Concurrent done
Event: 11.343 Executing VM operation: G1CollectForAllocation
Event: 11.359 Executing VM operation: G1CollectForAllocation done
Event: 11.482 Executing VM operation: G1Concurrent
Event: 11.482 Executing VM operation: G1Concurrent done
Event: 11.529 Executing VM operation: G1CollectForAllocation
Event: 11.545 Executing VM operation: G1CollectForAllocation done
Event: 11.620 Executing VM operation: G1CollectForAllocation
Event: 11.632 Executing VM operation: G1CollectForAllocation done
Event: 11.698 Executing VM operation: G1CollectForAllocation
Event: 11.712 Executing VM operation: G1CollectForAllocation done
Event: 11.760 Executing VM operation: G1Concurrent
Event: 11.762 Executing VM operation: G1Concurrent done
Event: 11.876 Executing VM operation: G1Concurrent
Event: 11.876 Executing VM operation: G1Concurrent done
Event: 12.281 Executing VM operation: G1CollectForAllocation
Event: 12.343 Executing VM operation: G1CollectForAllocation done
Event: 12.648 Executing VM operation: G1CollectForAllocation
Event: 12.692 Executing VM operation: G1CollectForAllocation done


Dynamic libraries:
0x00007ff61d5c0000 - 0x00007ff61d5cf000 	C:\Program Files\Java\jdk-15.0.1\bin\java.exe
0x00007ffc4f700000 - 0x00007ffc4f8f0000 	C:\Windows\SYSTEM32\ntdll.dll
0x00007ffc4f390000 - 0x00007ffc4f442000 	C:\Windows\System32\KERNEL32.DLL
0x00007ffc4d2b0000 - 0x00007ffc4d555000 	C:\Windows\System32\KERNELBASE.dll
0x00007ffc4c690000 - 0x00007ffc4c78a000 	C:\Windows\System32\ucrtbase.dll
0x00007ffc17b70000 - 0x00007ffc17b89000 	C:\Program Files\Java\jdk-15.0.1\bin\VCRUNTIME140.dll
0x00007ffc16990000 - 0x00007ffc169a8000 	C:\Program Files\Java\jdk-15.0.1\bin\jli.dll
0x00007ffc4e680000 - 0x00007ffc4e723000 	C:\Windows\System32\ADVAPI32.dll
0x00007ffc4e380000 - 0x00007ffc4e41e000 	C:\Windows\System32\msvcrt.dll
0x00007ffc4efb0000 - 0x00007ffc4f047000 	C:\Windows\System32\sechost.dll
0x00007ffc4e0f0000 - 0x00007ffc4e210000 	C:\Windows\System32\RPCRT4.dll
0x00007ffc4e730000 - 0x00007ffc4e8c4000 	C:\Windows\System32\USER32.dll
0x00007ffc434a0000 - 0x00007ffc43724000 	C:\Windows\WinSxS\amd64_microsoft.windows.common-controls_6595b64144ccf1df_6.0.18362.1139_none_9e7bf2d3e4605ac6\COMCTL32.dll
0x00007ffc4d600000 - 0x00007ffc4d621000 	C:\Windows\System32\win32u.dll
0x00007ffc4f050000 - 0x00007ffc4f385000 	C:\Windows\System32\combase.dll
0x00007ffc4e650000 - 0x00007ffc4e676000 	C:\Windows\System32\GDI32.dll
0x00007ffc4d230000 - 0x00007ffc4d2b0000 	C:\Windows\System32\bcryptPrimitives.dll
0x00007ffc4cf40000 - 0x00007ffc4d0d6000 	C:\Windows\System32\gdi32full.dll
0x00007ffc4d560000 - 0x00007ffc4d5fe000 	C:\Windows\System32\msvcp_win.dll
0x00007ffc452f0000 - 0x00007ffc452fa000 	C:\Windows\SYSTEM32\VERSION.dll
0x00007ffc4f450000 - 0x00007ffc4f47e000 	C:\Windows\System32\IMM32.DLL
0x00007ffc31960000 - 0x00007ffc3196c000 	C:\Program Files\Java\jdk-15.0.1\bin\vcruntime140_1.dll
0x00007ffbee3e0000 - 0x00007ffbee471000 	C:\Program Files\Java\jdk-15.0.1\bin\msvcp140.dll
0x00007ffbdff40000 - 0x00007ffbe0a9e000 	C:\Program Files\Java\jdk-15.0.1\bin\server\jvm.dll
0x00007ffc4f6b0000 - 0x00007ffc4f6b8000 	C:\Windows\System32\PSAPI.DLL
0x00007ffc49000000 - 0x00007ffc49024000 	C:\Windows\SYSTEM32\WINMM.dll
0x00007ffc1ec70000 - 0x00007ffc1ec79000 	C:\Windows\SYSTEM32\WSOCK32.dll
0x00007ffc4e310000 - 0x00007ffc4e37f000 	C:\Windows\System32\WS2_32.dll
0x00007ffc48fd0000 - 0x00007ffc48ffd000 	C:\Windows\SYSTEM32\WINMMBASE.dll
0x00007ffc4d740000 - 0x00007ffc4d78a000 	C:\Windows\System32\cfgmgr32.dll
0x00007ffc4c670000 - 0x00007ffc4c681000 	C:\Windows\System32\kernel.appcore.dll
0x00007ffc318f0000 - 0x00007ffc318fa000 	C:\Program Files\Java\jdk-15.0.1\bin\jimage.dll
0x00007ffc3d520000 - 0x00007ffc3d714000 	C:\Windows\SYSTEM32\DBGHELP.DLL
0x00007ffc3b840000 - 0x00007ffc3b86a000 	C:\Windows\SYSTEM32\dbgcore.DLL
0x00007ffc13700000 - 0x00007ffc13725000 	C:\Program Files\Java\jdk-15.0.1\bin\java.dll
0x00007ffc4d9a0000 - 0x00007ffc4e087000 	C:\Windows\System32\SHELL32.dll
0x00007ffc4d870000 - 0x00007ffc4d919000 	C:\Windows\System32\shcore.dll
0x00007ffc4c790000 - 0x00007ffc4cf10000 	C:\Windows\System32\windows.storage.dll
0x00007ffc4c5d0000 - 0x00007ffc4c5f3000 	C:\Windows\System32\profapi.dll
0x00007ffc4c600000 - 0x00007ffc4c64a000 	C:\Windows\System32\powrprof.dll
0x00007ffc4c5c0000 - 0x00007ffc4c5d0000 	C:\Windows\System32\UMPDC.dll
0x00007ffc4ee80000 - 0x00007ffc4eed2000 	C:\Windows\System32\shlwapi.dll
0x00007ffc4d790000 - 0x00007ffc4d7a7000 	C:\Windows\System32\cryptsp.dll
0x00007ffc10f60000 - 0x00007ffc10f79000 	C:\Program Files\Java\jdk-15.0.1\bin\net.dll
0x00007ffc46e50000 - 0x00007ffc46f40000 	C:\Windows\SYSTEM32\WINHTTP.dll
0x00007ffc4be10000 - 0x00007ffc4be77000 	C:\Windows\system32\mswsock.dll
0x00007ffc091b0000 - 0x00007ffc091c2000 	C:\Program Files\Java\jdk-15.0.1\bin\nio.dll
0x00007ffc09090000 - 0x00007ffc090a8000 	C:\Program Files\Java\jdk-15.0.1\bin\zip.dll
0x00007ffbf4200000 - 0x00007ffbf4380000 	C:\Program Files\Java\jdk-15.0.1\bin\awt.dll
0x00007ffc4e420000 - 0x00007ffc4e4e5000 	C:\Windows\System32\OLEAUT32.dll
0x00007ffc4a730000 - 0x00007ffc4a7bf000 	C:\Windows\SYSTEM32\apphelp.dll
0x00007ffc4a870000 - 0x00007ffc4a909000 	C:\Windows\system32\uxtheme.dll
0x00007ffc4ed40000 - 0x00007ffc4ee75000 	C:\Windows\System32\MSCTF.dll
0x00007ffc4e4f0000 - 0x00007ffc4e647000 	C:\Windows\System32\ole32.dll
0x00007ffc4ad40000 - 0x00007ffc4ad6d000 	C:\Windows\system32\DWMAPI.DLL
0x00007ffc36360000 - 0x00007ffc363e5000 	C:\Program Files\Java\jdk-15.0.1\bin\freetype.dll
0x00007ffc34930000 - 0x00007ffc349d9000 	C:\Program Files\Java\jdk-15.0.1\bin\fontmanager.dll
0x00007ffbf40a0000 - 0x00007ffbf41f6000 	C:\Windows\system32\opengl32.dll
0x00007ffc3b6f0000 - 0x00007ffc3b71c000 	C:\Windows\SYSTEM32\GLU32.dll
0x00007ffc4b210000 - 0x00007ffc4b230000 	C:\Windows\SYSTEM32\dxcore.dll
0x00007ffc44900000 - 0x00007ffc44ac7000 	C:\Windows\system32\d3d9.dll
0x00007ffc45300000 - 0x00007ffc453ef000 	C:\Windows\System32\DriverStore\FileRepository\nv_dispi.inf_amd64_e0a5a1b06de180e3\nvldumdx.dll
0x00007ffc4d0e0000 - 0x00007ffc4d229000 	C:\Windows\System32\crypt32.dll
0x00007ffc4c650000 - 0x00007ffc4c662000 	C:\Windows\System32\MSASN1.dll
0x00007ffc45240000 - 0x00007ffc4526f000 	C:\Windows\SYSTEM32\cryptnet.dll
0x00007ffc4bfe0000 - 0x00007ffc4bfec000 	C:\Windows\SYSTEM32\cryptbase.dll
0x00007ffc4d6e0000 - 0x00007ffc4d73c000 	C:\Windows\System32\WINTRUST.DLL
0x00007ffc4e270000 - 0x00007ffc4e28d000 	C:\Windows\System32\imagehlp.dll
0x00007ffc4b980000 - 0x00007ffc4b9b3000 	C:\Windows\system32\rsaenh.dll
0x00007ffc4cf10000 - 0x00007ffc4cf36000 	C:\Windows\System32\bcrypt.dll
0x00007ffbdea10000 - 0x00007ffbdff33000 	C:\Windows\System32\DriverStore\FileRepository\nv_dispi.inf_amd64_e0a5a1b06de180e3\nvd3dumx.dll
0x00007ffc13340000 - 0x00007ffc135f9000 	C:\Windows\system32\nvspcap64.dll
0x00007ffc4b600000 - 0x00007ffc4b631000 	C:\Windows\SYSTEM32\ntmarta.dll
0x00007ffc4b1c0000 - 0x00007ffc4b1e2000 	C:\Windows\SYSTEM32\gpapi.dll
0x00007ffc4d7c0000 - 0x00007ffc4d862000 	C:\Windows\System32\clbcatq.dll
0x00007ffc47380000 - 0x00007ffc4752f000 	C:\Windows\SYSTEM32\WindowsCodecs.dll
0x00007ffc2d490000 - 0x00007ffc2d4ca000 	C:\Windows\system32\dataexchange.dll
0x00007ffc49d70000 - 0x00007ffc49fcb000 	C:\Windows\system32\d3d11.dll
0x00007ffc49fd0000 - 0x00007ffc4a1ad000 	C:\Windows\system32\dcomp.dll
0x00007ffc4b2a0000 - 0x00007ffc4b38b000 	C:\Windows\system32\dxgi.dll
0x00007ffc4a9e0000 - 0x00007ffc4ac42000 	C:\Windows\system32\twinapi.appcore.dll
0x00007ffc4ad70000 - 0x00007ffc4ad99000 	C:\Windows\system32\RMCLIENT.dll
0x00007ffc4c4e0000 - 0x00007ffc4c505000 	C:\Windows\SYSTEM32\USERENV.dll
0x00007ffc4bb20000 - 0x00007ffc4bb5a000 	C:\Windows\SYSTEM32\IPHLPAPI.DLL
0x00007ffc4d7b0000 - 0x00007ffc4d7b8000 	C:\Windows\System32\NSI.dll
0x00007ffc46340000 - 0x00007ffc46356000 	C:\Windows\SYSTEM32\dhcpcsvc6.DLL
0x00007ffc46320000 - 0x00007ffc4633c000 	C:\Windows\SYSTEM32\dhcpcsvc.DLL
0x00007ffc4bb60000 - 0x00007ffc4bc2b000 	C:\Windows\SYSTEM32\DNSAPI.dll
0x00000000637c0000 - 0x00000000637cd000 	C:\Users\fazon\AppData\Local\Temp\jogamp_0000\file_cache\jln6494261916603531614\jln12820276991333000424\natives\windows-amd64\gluegen-rt.dll
0x00007ffc491e0000 - 0x00007ffc491e7000 	C:\Program Files\Java\jdk-15.0.1\bin\jawt.dll
0x000000006a440000 - 0x000000006a44d000 	C:\Users\fazon\AppData\Local\Temp\jogamp_0000\file_cache\jln6494261916603531614\jln12820276991333000424\natives\windows-amd64\nativewindow_awt.dll
0x000000006c100000 - 0x000000006c10f000 	C:\Users\fazon\AppData\Local\Temp\jogamp_0000\file_cache\jln6494261916603531614\jln12820276991333000424\natives\windows-amd64\nativewindow_win32.dll
0x0000000064500000 - 0x00000000645b1000 	C:\Users\fazon\AppData\Local\Temp\jogamp_0000\file_cache\jln6494261916603531614\jln12820276991333000424\natives\windows-amd64\jogl_desktop.dll
0x00007ffbf3d30000 - 0x00007ffbf409d000 	C:\Program Files\MiKTeX 2.9\miktex\bin\x64\libGLESv2.dll
0x0000000064340000 - 0x00000000643a2000 	C:\Users\fazon\AppData\Local\Temp\jogamp_0000\file_cache\jln6494261916603531614\jln12820276991333000424\natives\windows-amd64\jogl_mobile.dll
0x00007ffbd10a0000 - 0x00007ffbd37c4000 	C:\Windows\System32\DriverStore\FileRepository\nv_dispi.inf_amd64_e0a5a1b06de180e3\nvoglv64.dll
0x00007ffc4e8d0000 - 0x00007ffc4ed40000 	C:\Windows\System32\SETUPAPI.dll
0x00007ffc48bc0000 - 0x00007ffc48bd3000 	C:\Windows\SYSTEM32\WTSAPI32.dll
0x00007ffc4c3b0000 - 0x00007ffc4c3da000 	C:\Windows\SYSTEM32\DEVOBJ.dll
0x00007ffc4b670000 - 0x00007ffc4b6c6000 	C:\Windows\SYSTEM32\WINSTA.dll
0x00007ffc32e30000 - 0x00007ffc32ece000 	C:\Windows\System32\TextInputFramework.dll
0x00007ffc4a1b0000 - 0x00007ffc4a284000 	C:\Windows\System32\CoreMessaging.dll
0x00007ffc479a0000 - 0x00007ffc47cca000 	C:\Windows\System32\CoreUIComponents.dll
0x00007ffc47840000 - 0x00007ffc47993000 	C:\Windows\SYSTEM32\wintypes.dll
0x00007ffc3e270000 - 0x00007ffc3e517000 	C:\Windows\System32\iertutil.dll
0x00007ffc42b50000 - 0x00007ffc42bf9000 	C:\Windows\WinSxS\amd64_microsoft.windows.common-controls_6595b64144ccf1df_5.82.18362.1139_none_73b3ffb6d815397f\comctl32.dll
0x00007ffc48980000 - 0x00007ffc48a70000 	C:\Windows\SYSTEM32\PROPSYS.dll
0x00007ffc31560000 - 0x00007ffc31576000 	C:\Windows\system32\NetworkExplorer.dll
0x00007ffc35480000 - 0x00007ffc3549b000 	C:\Windows\SYSTEM32\MPR.dll
0x00007ffc2e450000 - 0x00007ffc2e45b000 	C:\Windows\System32\drprov.dll
0x00007ffc2e210000 - 0x00007ffc2e225000 	C:\Windows\System32\ntlanman.dll
0x00007ffc2e1f0000 - 0x00007ffc2e20d000 	C:\Windows\System32\davclnt.dll
0x00007ffc28550000 - 0x00007ffc2855c000 	C:\Windows\System32\DAVHLPR.dll
0x00007ffc48870000 - 0x00007ffc48887000 	C:\Windows\System32\wkscli.dll
0x00007ffc2b710000 - 0x00007ffc2b722000 	C:\Windows\SYSTEM32\cscapi.dll
0x00007ffc4bc30000 - 0x00007ffc4bc3c000 	C:\Windows\System32\netutils.dll
0x00007ffc2a4f0000 - 0x00007ffc2a543000 	C:\Windows\System32\dlnashext.dll
0x00007ffc36ba0000 - 0x00007ffc36c04000 	C:\Windows\System32\PlayToDevice.dll
0x00007ffc2b430000 - 0x00007ffc2b450000 	C:\Windows\System32\DevDispItemProvider.dll
0x00007ffc45050000 - 0x00007ffc450c2000 	C:\Windows\System32\MMDevApi.dll
0x00007ffc36b00000 - 0x00007ffc36b9b000 	C:\Windows\system32\wpdshext.dll
0x00007ffc43730000 - 0x00007ffc438d3000 	C:\Windows\WinSxS\amd64_microsoft.windows.gdiplus_6595b64144ccf1df_1.1.18362.1139_none_cf66e5b93ef2d494\gdiplus.dll
0x00007ffc475c0000 - 0x00007ffc4765e000 	C:\Windows\System32\PortableDeviceApi.dll
0x00007ffc36ac0000 - 0x00007ffc36af7000 	C:\Windows\System32\EhStorShell.dll
0x00007ffc49230000 - 0x00007ffc49255000 	C:\Windows\System32\EhStorAPI.dll
0x00007ffc296d0000 - 0x00007ffc296dd000 	C:\Windows\SYSTEM32\LINKINFO.dll
0x00007ffc300c0000 - 0x00007ffc30153000 	C:\Windows\System32\appresolver.dll
0x00007ffc31c80000 - 0x00007ffc31cdd000 	C:\Windows\System32\Bcp47Langs.dll

dbghelp: loaded successfully - version: 4.0.5 - missing functions: none
symbol engine: initialized successfully - sym options: 0x614 - pdb path: .;C:\Program Files\Java\jdk-15.0.1\bin;C:\Windows\SYSTEM32;C:\Windows\WinSxS\amd64_microsoft.windows.common-controls_6595b64144ccf1df_6.0.18362.1139_none_9e7bf2d3e4605ac6;C:\Program Files\Java\jdk-15.0.1\bin\server;C:\Windows\System32\DriverStore\FileRepository\nv_dispi.inf_amd64_e0a5a1b06de180e3;C:\Users\fazon\AppData\Local\Temp\jogamp_0000\file_cache\jln6494261916603531614\jln12820276991333000424\natives\windows-amd64;C:\Program Files\MiKTeX 2.9\miktex\bin\x64;C:\Windows\WinSxS\amd64_microsoft.windows.common-controls_6595b64144ccf1df_5.82.18362.1139_none_73b3ffb6d815397f;C:\Windows\WinSxS\amd64_microsoft.windows.gdiplus_6595b64144ccf1df_1.1.18362.1139_none_cf66e5b93ef2d494

VM Arguments:
jvm_args: --enable-preview -XX:+ShowCodeDetailsInExceptionMessages -Dfile.encoding=UTF-8 
java_command: gui.VolVisApplication
java_class_path (initial): C:\Users\fazon\AppData\Roaming\Code\User\workspaceStorage\867bb747194e66757c5947454cee007d\redhat.java\jdt_ws\Visualization_Assignment1_66486d66\bin;C:\Users\fazon\Desktop\VIsualization Assignment\Visualization_Assignment1\lib\jogl\jogl-all-mobile-natives-windows-amd64_1.jar;C:\Users\fazon\Desktop\VIsualization Assignment\Visualization_Assignment1\lib\jogl\gluegen-rt-natives-android-aarch64.jar;C:\Users\fazon\Desktop\VIsualization Assignment\Visualization_Assignment1\lib\jogl\jogl-all-mobile-natives-solaris-amd64_1.jar;C:\Users\fazon\Desktop\VIsualization Assignment\Visualization_Assignment1\lib\jogl\joal-natives-linux-armv6hf_1.jar;C:\Users\fazon\Desktop\VIsualization Assignment\Visualization_Assignment1\lib\jogl\jogl-all-mobile-natives-linux-armv6hf_1.jar;C:\Users\fazon\Desktop\VIsualization Assignment\Visualization_Assignment1\lib\jogl\joal-natives-windows-i586_1.jar;C:\Users\fazon\Desktop\VIsualization Assignment\Visualization_Assignment1\lib\jogl\jocl-natives-solaris-amd64_1.jar;C:\Users\fazon\Desktop\VIsualization Assignment\Visualization_Assignment1\lib\jogl\jogl-all-noawt_1.jar;C:\Users\fazon\Desktop\VIsualization Assignment\Visualization_Assignment1\lib\jogl\jocl-natives-windows-amd64_1.jar;C:\Users\fazon\Desktop\VIsualization Assignment\Visualization_Assignment1\lib\jogl\jogl-all-android-natives-windows-amd64.jar;C:\Users\fazon\Desktop\VIsualization Assignment\Visualization_Assignment1\lib\jogl\jogl-all-android_1.jar;C:\Users\fazon\Desktop\VIsualization Assignment\Visualization_Assignment1\lib\jogl\joal-natives-solaris-amd64_1.jar;C:\Users\fazon\Desktop\VIsualization Assignment\Visualization_Assignment1\lib\jogl\jogl-all-natives-solaris-amd64.jar;C:\Users\fazon\Desktop\VIsualization Assignment\Visualization_Assignment1\lib\jogl\joal-natives-solaris-amd64.jar;C:\Users\fazon\Desktop\VIsualization Assignment\Visualization_Assignment1\lib\jogl\jocl-android-natives-windows-i586.jar;C:\Users\fazon\Desktop\VIsualization Assignment\Vis
Launcher Type: SUN_STANDARD

[Global flags]
     intx CICompilerCount                          = 12                                        {product} {ergonomic}
     uint ConcGCThreads                            = 3                                         {product} {ergonomic}
     uint G1ConcRefinementThreads                  = 13                                        {product} {ergonomic}
   size_t G1HeapRegionSize                         = 4194304                                   {product} {ergonomic}
    uintx GCDrainStackTargetSize                   = 64                                        {product} {ergonomic}
   size_t InitialHeapSize                          = 402653184                                 {product} {ergonomic}
   size_t MarkStackSize                            = 4194304                                   {product} {ergonomic}
   size_t MaxHeapSize                              = 6425673728                                {product} {ergonomic}
   size_t MaxNewSize                               = 3854565376                                {product} {ergonomic}
   size_t MinHeapDeltaBytes                        = 4194304                                   {product} {ergonomic}
   size_t MinHeapSize                              = 8388608                                   {product} {ergonomic}
    uintx NonNMethodCodeHeapSize                   = 7602480                                {pd product} {ergonomic}
    uintx NonProfiledCodeHeapSize                  = 122027880                              {pd product} {ergonomic}
    uintx ProfiledCodeHeapSize                     = 122027880                              {pd product} {ergonomic}
    uintx ReservedCodeCacheSize                    = 251658240                              {pd product} {ergonomic}
     bool SegmentedCodeCache                       = true                                      {product} {ergonomic}
     bool ShowCodeDetailsInExceptionMessages       = true                                   {manageable} {command line}
   size_t SoftMaxHeapSize                          = 6425673728                             {manageable} {ergonomic}
     bool UseCompressedClassPointers               = true                                 {lp64_product} {ergonomic}
     bool UseCompressedOops                        = true                                 {lp64_product} {ergonomic}
     bool UseG1GC                                  = true                                      {product} {ergonomic}
     bool UseLargePagesIndividualAllocation        = false                                  {pd product} {ergonomic}

Logging:
Log output configuration:
 #0: stdout all=warning uptime,level,tags
 #1: stderr all=off uptime,level,tags

Environment Variables:
PATH=C:\Program Files\Common Files\Oracle\Java\javapath;C:\Users\fazon\AppData\Local\Programs\Python\Python38\Scripts\;C:\Users\fazon\AppData\Local\Programs\Python\Python38\;C:\Program Files (x86)\Common Files\Oracle\Java\javapath;C:\Windows\system32;C:\Windows;C:\Windows\System32\Wbem;C:\Windows\System32\WindowsPowerShell\v1.0\;C:\Windows\System32\OpenSSH\;C:\Program Files\Microsoft SQL Server\130\Tools\Binn\;C:\Program Files\Microsoft SQL Server\Client SDK\ODBC\170\Tools\Binn\;C:\Program Files\TortoiseSVN\bin;C:\Program Files\Git\cmd;C:\Program Files\dotnet\;C:\Program Files\PuTTY\;C:\Program Files\NVIDIA Corporation\NVIDIA NvDLISR;C:\Program Files (x86)\NVIDIA Corporation\PhysX\Common;C:\Program Files\MiKTeX 2.9\miktex\bin\x64\;C:\Program Files (x86)\Yarn\bin\;C:\Program Files\nodejs\;C:\ProgramData\chocolatey\bin;C:\Users\fazon\AppData\Local\Microsoft\WindowsApps;C:\Users\fazon\AppData\Local\Programs\Microsoft VS Code\bin;C:\MinGW\bin;C:\Program Files (x86)\flex-2.6.4;C:\Users\fazon\AppData\Local\Packages\PythonSoftwareFoundation.Python.3.8_qbz5n2kfra8p0\LocalCache\local-packages\Python38\site-packages;C:\Users\fazon\AppData\Local\Packages\PythonSoftwareFoundation.Python.3.8_qbz5n2kfra8p0\LocalCache\local-packages\Python38\Scripts;C:\Users\fazon\AppData\Local\Yarn\bin;C:\Users\fazon\AppData\Roaming\npm;C:\Users\fazon\AppData\Local\GitHubDesktop\bin
USERNAME=fazon
LANG=en_US.UTF-8
OS=Windows_NT
PROCESSOR_IDENTIFIER=AMD64 Family 23 Model 1 Stepping 1, AuthenticAMD



---------------  S Y S T E M  ---------------

OS:
 Windows 10 , 64 bit Build 18362 (10.0.18362.1110)
OS uptime: 0 days 7:16 hours

CPU: total 16 (initial active 16) (16 cores per cpu, 2 threads per core) family 23 model 1 stepping 1 microcode 0x0, cmov, cx8, fxsr, mmx, sse, sse2, sse3, ssse3, sse4.1, sse4.2, popcnt, vzeroupper, avx, avx2, aes, clmul, 3dnowpref, lzcnt, sse4a, ht, tsc, tscinvbit, tscinv, bmi1, bmi2, adx, sha, fma, clflush, clflushopt

Memory: 4k page, system-wide physical 24508M (13495M free)
TotalPageFile size 28092M (AvailPageFile size 8388M)
current process WorkingSet (physical memory assigned to process): 666M, peak: 666M
current process commit charge ("private bytes"): 883M, peak: 883M

vm_info: Java HotSpot(TM) 64-Bit Server VM (15.0.1+9-18) for windows-amd64 JRE (15.0.1+9-18), built on Sep 15 2020 14:43:54 by "mach5one" with unknown MS VC++:1925

END.
