#
# A fatal error has been detected by the Java Runtime Environment:
#
#  EXCEPTION_ACCESS_VIOLATION (0xc0000005) at pc=0x00007ffb1d02956a, pid=2232, tid=18148
#
# JRE version: Java(TM) SE Runtime Environment (15.0.1+9) (build 15.0.1+9-18)
# Java VM: Java HotSpot(TM) 64-Bit Server VM (15.0.1+9-18, mixed mode, sharing, tiered, compressed oops, parallel gc, windows-amd64)
# Problematic frame:
# V  [jvm.dll+0x1c956a]
#
# No core dump will be written. Minidumps are not enabled by default on client versions of Windows
#
# If you would like to submit a bug report, please visit:
#   https://bugreport.java.com/bugreport/crash.jsp
#

---------------  S U M M A R Y ------------

Command Line: --add-modules=ALL-SYSTEM --add-opens=java.base/java.util=ALL-UNNAMED --add-opens=java.base/java.lang=ALL-UNNAMED -Declipse.application=org.eclipse.jdt.ls.core.id1 -Dosgi.bundles.defaultStartLevel=4 -Declipse.product=org.eclipse.jdt.ls.core.product -Dfile.encoding=utf8 -DwatchParentProcess=false -XX:+UseParallelGC -XX:GCTimeRatio=4 -XX:AdaptiveSizePolicyWeight=90 -Dsun.zip.disableMemoryMapping=true -Xmx1G -Xms100m c:\Users\fazon\.vscode\extensions\redhat.java-0.71.0\server\plugins\org.eclipse.equinox.launcher_1.6.0.v20200915-1508.jar -configuration c:\Users\fazon\AppData\Roaming\Code\User\globalStorage\redhat.java\0.71.0\config_win -data c:\Users\fazon\AppData\Roaming\Code\User\workspaceStorage\867bb747194e66757c5947454cee007d\redhat.java\jdt_ws

Host: AMD Ryzen 7 1800X Eight-Core Processor         , 16 cores, 23G,  Windows 10 , 64 bit Build 18362 (10.0.18362.1110)
Time: Tue Nov 24 15:33:10 2020 Central Europe Standard Time elapsed time: 5074.187162 seconds (0d 1h 24m 34s)

---------------  T H R E A D  ---------------

Current thread (0x000001cf80a7b9f0):  GCTaskThread "GC Thread#8" [stack: 0x000000260ba00000,0x000000260bb00000] [id=18148]

Stack: [0x000000260ba00000,0x000000260bb00000],  sp=0x000000260baff280,  free space=1020k
Native frames: (J=compiled Java code, j=interpreted, Vv=VM code, C=native code)
V  [jvm.dll+0x1c956a]
V  [jvm.dll+0x65d261]
V  [jvm.dll+0x66815f]
V  [jvm.dll+0x663812]
V  [jvm.dll+0x634bbb]
V  [jvm.dll+0x6645fc]
V  [jvm.dll+0x664077]
V  [jvm.dll+0x65e379]
V  [jvm.dll+0x6626b4]
V  [jvm.dll+0x7adba0]
V  [jvm.dll+0x73d65a]
V  [jvm.dll+0x629c56]
C  [ucrtbase.dll+0x210b2]
C  [KERNEL32.DLL+0x17c24]
C  [ntdll.dll+0x6cea1]


siginfo: EXCEPTION_ACCESS_VIOLATION (0xc0000005), reading address 0x0000000000000037


Register to memory mapping:

RIP=0x00007ffb1d02956a jvm.dll
RAX=0x0000000000000008 is an unknown value
RBX=0x0000000800d200c0 is pointing into metadata
RCX=0x000000000000000f is an unknown value
RDX=0x000000260baff320 points into unknown readable memory: 0x00007ffb1d737d18 | 18 7d 73 1d fb 7f 00 00
RSP=0x000000260baff280 points into unknown readable memory: 0x00000000cbf75668 | 68 56 f7 cb 00 00 00 00
RBP=0x000000000000000f is an unknown value
RSI=0x0000000001b0f084 is an unknown value
RDI=0x00000000fc5ed860 is an unallocated location in the heap
R8 =0x00000000fc5ed860 is an unallocated location in the heap
R9 =0x0 is NULL
R10=0x0000000800000000 is pointing into metadata
R11=0x000001cffc5ed860 points into unknown readable memory: 0x000001cfe09a0150 | 50 01 9a e0 cf 01 00 00
R12=
[error occurred during error reporting (printing register info), id 0xc0000005, EXCEPTION_ACCESS_VIOLATION (0xc0000005) at pc=0x00007ffb1d497056]

Registers:
RAX=0x0000000000000008, RBX=0x0000000800d200c0, RCX=0x000000000000000f, RDX=0x000000260baff320
RSP=0x000000260baff280, RBP=0x000000000000000f, RSI=0x0000000001b0f084, RDI=0x00000000fc5ed860
R8 =0x00000000fc5ed860, R9 =0x0000000000000000, R10=0x0000000800000000, R11=0x000001cffc5ed860
R12=0x00000000cdc14d60, R13=0x00000000000001b0, R14=0x0000000000000000, R15=0x000000260baff320
RIP=0x00007ffb1d02956a, EFLAGS=0x0000000000010286

Top of Stack: (sp=0x000000260baff280)
0x000000260baff280:   00000000cbf75668 00000000cbc7d9b8
0x000000260baff290:   00000000cbc7d988 0000000800d203e0
0x000000260baff2a0:   000000260baff470 00000000cbc7d9d0
0x000000260baff2b0:   000000260baff320 00007ffb1d4bd261
0x000000260baff2c0:   0000000800d200c0 0000000001b10000
0x000000260baff2d0:   0000000001b0f084 000001cffba909d8
0x000000260baff2e0:   0000000000000009 0000000001b0f084
0x000000260baff2f0:   000000260baff470 00007ffb1d4c815f
0x000000260baff300:   000000260baff470 00007ffb1d8fc0f0
0x000000260baff310:   000000260baff470 00007ffb1d4c1e3a
0x000000260baff320:   00007ffb1d737d18 0000000000000000
0x000000260baff330:   000001cffc5ed860 0000000000010000
0x000000260baff340:   0000000000000000 00007ffb1d4c3812
0x000000260baff350:   0000000800d76830 00000000c0a5685c
0x000000260baff360:   00000000c0a7ffd8 00000008001d2ed0
0x000000260baff370:   0000000001b10000 00007ffb1d494bbb 

Instructions: (pc=0x00007ffb1d02956a)
0x00007ffb1d02946a:   cc cc cc cc cc cc 48 89 5c 24 08 57 48 83 ec 20
0x00007ffb1d02947a:   48 8b d9 48 8b fa 48 8b 09 48 85 c9 74 05 e8 93
0x00007ffb1d02948a:   f5 0c 00 48 89 3b 48 8b 5c 24 30 48 83 c4 20 5f
0x00007ffb1d02949a:   c3 cc cc cc cc cc 48 89 74 24 20 41 56 48 83 ec
0x00007ffb1d0294aa:   20 48 8b 31 4c 8b f2 48 85 f6 74 73 44 8b 8e 00
0x00007ffb1d0294ba:   01 00 00 4c 8b c6 e8 1b 01 00 00 48 8b b6 08 01
0x00007ffb1d0294ca:   00 00 48 85 f6 74 58 48 89 5c 24 30 48 89 6c 24
0x00007ffb1d0294da:   38 48 89 7c 24 40 8b ae 00 01 00 00 33 db 85 ed
0x00007ffb1d0294ea:   74 22 48 8b fe 90 48 83 3f 00 74 0e 4d 8b 06 48
0x00007ffb1d0294fa:   8d 14 de 49 8b ce 41 ff 50 08 ff c3 48 83 c7 08
0x00007ffb1d02950a:   3b dd 72 e2 48 8b b6 08 01 00 00 48 85 f6 75 c6
0x00007ffb1d02951a:   48 8b 7c 24 40 48 8b 6c 24 38 48 8b 5c 24 30 48
0x00007ffb1d02952a:   8b 74 24 48 48 83 c4 20 41 5e c3 cc cc cc cc cc
0x00007ffb1d02953a:   cc cc cc cc cc cc 48 89 5c 24 08 48 89 6c 24 10
0x00007ffb1d02954a:   48 89 74 24 18 57 41 56 41 57 48 83 ec 20 45 0f
0x00007ffb1d02955a:   b6 f1 41 8b f8 4c 8b fa 48 8b e9 45 85 c0 74 3b
0x00007ffb1d02956a:   8b 59 28 8b c3 41 23 c0 41 3b c0 74 43 66 0f 1f
0x00007ffb1d02957a:   84 00 00 00 00 00 48 8b 05 01 be 84 00 48 8d 55
0x00007ffb1d02958a:   28 8b cb 44 8b c3 0b cf ff d0 3b c3 74 0d 8b 5d
0x00007ffb1d02959a:   28 8b c3 23 c7 3b c7 75 dd eb 15 45 84 f6 74 04
0x00007ffb1d0295aa:   c6 45 22 00 48 8d 4d 30 49 8b d7 e8 e6 fe ff ff
0x00007ffb1d0295ba:   48 8b 5c 24 40 48 8b 6c 24 48 48 8b 74 24 50 48
0x00007ffb1d0295ca:   83 c4 20 41 5f 41 5e 5f c3 cc cc cc cc cc cc cc
0x00007ffb1d0295da:   cc cc cc cc cc cc 45 85 c9 74 63 48 89 5c 24 10
0x00007ffb1d0295ea:   48 89 74 24 18 4c 89 74 24 20 41 57 48 83 ec 20
0x00007ffb1d0295fa:   48 89 7c 24 30 41 8b f1 49 8b f8 4d 8b f8 4c 8b
0x00007ffb1d02960a:   f2 33 db 0f 1f 00 48 83 3f 00 74 0e 4d 8b 06 49
0x00007ffb1d02961a:   8d 14 df 49 8b ce 41 ff 50 08 ff c3 48 83 c7 08
0x00007ffb1d02962a:   3b de 72 e2 48 8b 7c 24 30 48 8b 5c 24 38 48 8b
0x00007ffb1d02963a:   74 24 40 4c 8b 74 24 48 48 83 c4 20 41 5f c3 cc
0x00007ffb1d02964a:   cc cc cc cc cc cc 48 89 6c 24 18 56 48 83 ec 20
0x00007ffb1d02965a:   48 8b 41 40 48 8b f2 48 8b e9 48 85 c0 74 4d 48 


Stack slot to memory mapping:
stack at sp + 0 slots: 0x00000000cbf75668 is pointing into object: [C 
{0x00000000cbf75640} - klass: {type array char}
 - length: 50
stack at sp + 1 slots: 0x00000000cbc7d9b8 is pointing into object: org.eclipse.jdt.internal.compiler.lookup.MethodBinding 
{0x00000000cbc7d988} - klass: 'org/eclipse/jdt/internal/compiler/lookup/MethodBinding'
stack at sp + 2 slots: 0x00000000cbc7d988 is an oop: org.eclipse.jdt.internal.compiler.lookup.MethodBinding 
{0x00000000cbc7d988} - klass: 'org/eclipse/jdt/internal/compiler/lookup/MethodBinding'
stack at sp + 3 slots: 0x0000000800d203e0 is a pointer to class: 
org.eclipse.jdt.internal.compiler.lookup.MethodScope {0x0000000800d203e8}
stack at sp + 4 slots: 0x000000260baff470 points into unknown readable memory: 0x00007ffb1d737cc8 | c8 7c 73 1d fb 7f 00 00
stack at sp + 5 slots: 0x00000000cbc7d9d0 points into unknown readable memory: 0x0000000000000009 | 09 00 00 00 00 00 00 00
stack at sp + 6 slots: 0x000000260baff320 points into unknown readable memory: 0x00007ffb1d737d18 | 18 7d 73 1d fb 7f 00 00
stack at sp + 7 slots: 0x00007ffb1d4bd261 jvm.dll


---------------  P R O C E S S  ---------------

Threads class SMR info:
_java_thread_list=0x000001cf8334d660, length=44, elements={
0x000001cfe0b48870, 0x000001cffc693a80, 0x000001cffd994b70, 0x000001cffc6a79d0,
0x000001cffc6a8290, 0x000001cffc6a93f0, 0x000001cffd99ef70, 0x000001cffc6addd0,
0x000001cffd9b2100, 0x000001cffdaa1ef0, 0x000001cffdb76300, 0x000001cf80786d50,
0x000001cf8045c5f0, 0x000001cf80462780, 0x000001cf804781d0, 0x000001cf80407ba0,
0x000001cf804a07a0, 0x000001cf804a2480, 0x000001cf804a3c90, 0x000001cf90288370,
0x000001cf83500d90, 0x000001cf83502f40, 0x000001cf834ff0b0, 0x000001cf8efa6950,
0x000001cf8efa77c0, 0x000001cf8efa2f90, 0x000001cf8efa9970, 0x000001cf8efa8630,
0x000001cf8efa3460, 0x000001cf8efa94a0, 0x000001cf8efa6e20, 0x000001cf8efa5140,
0x000001cf8efa9e40, 0x000001cf8efa4c70, 0x000001cf8efaa310, 0x000001cf8efa5610,
0x000001cf8efa6480, 0x000001cf8efa3930, 0x000001cf8efa3e00, 0x000001cf8efa8b00,
0x000001cf8efaa7e0, 0x000001cf8ff0a3d0, 0x000001cf8ff03e90, 0x000001cf903294d0
}

Java Threads: ( => current thread )
  0x000001cfe0b48870 JavaThread "main" [_thread_blocked, id=6908, stack(0x0000002609900000,0x0000002609a00000)]
  0x000001cffc693a80 JavaThread "Reference Handler" daemon [_thread_blocked, id=1156, stack(0x0000002609c00000,0x0000002609d00000)]
  0x000001cffd994b70 JavaThread "Finalizer" daemon [_thread_blocked, id=10668, stack(0x0000002609d00000,0x0000002609e00000)]
  0x000001cffc6a79d0 JavaThread "Signal Dispatcher" daemon [_thread_blocked, id=13836, stack(0x0000002609e00000,0x0000002609f00000)]
  0x000001cffc6a8290 JavaThread "Attach Listener" daemon [_thread_blocked, id=14880, stack(0x0000002609f00000,0x000000260a000000)]
  0x000001cffc6a93f0 JavaThread "Service Thread" daemon [_thread_blocked, id=12232, stack(0x000000260a000000,0x000000260a100000)]
  0x000001cffd99ef70 JavaThread "C2 CompilerThread0" daemon [_thread_blocked, id=1104, stack(0x000000260a100000,0x000000260a200000)]
  0x000001cffc6addd0 JavaThread "C1 CompilerThread0" daemon [_thread_blocked, id=11500, stack(0x000000260a200000,0x000000260a300000)]
  0x000001cffd9b2100 JavaThread "Sweeper thread" daemon [_thread_blocked, id=7936, stack(0x000000260a300000,0x000000260a400000)]
  0x000001cffdaa1ef0 JavaThread "Common-Cleaner" daemon [_thread_blocked, id=13088, stack(0x000000260a400000,0x000000260a500000)]
  0x000001cffdb76300 JavaThread "Notification Thread" daemon [_thread_blocked, id=9920, stack(0x000000260a800000,0x000000260a900000)]
  0x000001cf80786d50 JavaThread "Active Thread: Equinox Container: c49cbbb0-10b9-4abe-bdb5-77b8abb6e0d3" [_thread_blocked, id=4460, stack(0x000000260ac00000,0x000000260ad00000)]
  0x000001cf8045c5f0 JavaThread "Framework Event Dispatcher: Equinox Container: c49cbbb0-10b9-4abe-bdb5-77b8abb6e0d3" daemon [_thread_blocked, id=17784, stack(0x000000260ab00000,0x000000260ac00000)]
  0x000001cf80462780 JavaThread "Start Level: Equinox Container: c49cbbb0-10b9-4abe-bdb5-77b8abb6e0d3" daemon [_thread_blocked, id=16084, stack(0x000000260b000000,0x000000260b100000)]
  0x000001cf804781d0 JavaThread "SCR Component Actor" daemon [_thread_blocked, id=3368, stack(0x000000260b100000,0x000000260b200000)]
  0x000001cf80407ba0 JavaThread "Worker-JM" [_thread_blocked, id=14832, stack(0x000000260b300000,0x000000260b400000)]
  0x000001cf804a07a0 JavaThread "Java indexing" daemon [_thread_blocked, id=10512, stack(0x000000260bc00000,0x000000260bd00000)]
  0x000001cf804a2480 JavaThread "logback configurator timer" daemon [_thread_blocked, id=1316, stack(0x000000260bd00000,0x000000260be00000)]
  0x000001cf804a3c90 JavaThread "pool-2-thread-1" [_thread_blocked, id=14316, stack(0x000000260be00000,0x000000260bf00000)]
  0x000001cf90288370 JavaThread "Bundle File Closer" daemon [_thread_blocked, id=1880, stack(0x000000260d500000,0x000000260d600000)]
  0x000001cf83500d90 JavaThread "Worker-8" [_thread_blocked, id=260, stack(0x000000260b400000,0x000000260b500000)]
  0x000001cf83502f40 JavaThread "Worker-9" [_thread_blocked, id=8528, stack(0x000000260b500000,0x000000260b600000)]
  0x000001cf834ff0b0 JavaThread "ForkJoinPool.commonPool-worker-1" daemon [_thread_blocked, id=15648, stack(0x000000260c800000,0x000000260c900000)]
  0x000001cf8efa6950 JavaThread "ForkJoinPool.commonPool-worker-19" daemon [_thread_blocked, id=15340, stack(0x0000002609600000,0x0000002609700000)]
  0x000001cf8efa77c0 JavaThread "ForkJoinPool.commonPool-worker-5" daemon [_thread_blocked, id=11976, stack(0x0000002609700000,0x0000002609800000)]
  0x000001cf8efa2f90 JavaThread "ForkJoinPool.commonPool-worker-23" daemon [_thread_blocked, id=10008, stack(0x0000002609800000,0x0000002609900000)]
  0x000001cf8efa9970 JavaThread "ForkJoinPool.commonPool-worker-9" daemon [_thread_blocked, id=10624, stack(0x000000260a500000,0x000000260a600000)]
  0x000001cf8efa8630 JavaThread "ForkJoinPool.commonPool-worker-27" daemon [_thread_blocked, id=17184, stack(0x000000260a600000,0x000000260a700000)]
  0x000001cf8efa3460 JavaThread "ForkJoinPool.commonPool-worker-13" daemon [_thread_blocked, id=2340, stack(0x000000260a700000,0x000000260a800000)]
  0x000001cf8efa94a0 JavaThread "ForkJoinPool.commonPool-worker-31" daemon [_thread_blocked, id=3060, stack(0x000000260aa00000,0x000000260ab00000)]
  0x000001cf8efa6e20 JavaThread "ForkJoinPool.commonPool-worker-17" daemon [_thread_blocked, id=6460, stack(0x000000260b200000,0x000000260b300000)]
  0x000001cf8efa5140 JavaThread "ForkJoinPool.commonPool-worker-3" daemon [_thread_blocked, id=288, stack(0x000000260c100000,0x000000260c200000)]
  0x000001cf8efa9e40 JavaThread "ForkJoinPool.commonPool-worker-21" daemon [_thread_blocked, id=3256, stack(0x000000260c200000,0x000000260c300000)]
  0x000001cf8efa4c70 JavaThread "ForkJoinPool.commonPool-worker-7" daemon [_thread_blocked, id=2624, stack(0x000000260c300000,0x000000260c400000)]
  0x000001cf8efaa310 JavaThread "ForkJoinPool.commonPool-worker-25" daemon [_thread_blocked, id=8392, stack(0x000000260c500000,0x000000260c600000)]
  0x000001cf8efa5610 JavaThread "Worker-12" [_thread_blocked, id=14884, stack(0x000000260c600000,0x000000260c700000)]
  0x000001cf8efa6480 JavaThread "pool-28-thread-1" [_thread_blocked, id=16204, stack(0x000000260c700000,0x000000260c800000)]
  0x000001cf8efa3930 JavaThread "pool-29-thread-1" [_thread_blocked, id=6512, stack(0x000000260c900000,0x000000260ca00000)]
  0x000001cf8efa3e00 JavaThread "ForkJoinPool.commonPool-worker-11" daemon [_thread_blocked, id=2644, stack(0x000000260ca00000,0x000000260cb00000)]
  0x000001cf8efa8b00 JavaThread "ForkJoinPool.commonPool-worker-29" daemon [_thread_blocked, id=17432, stack(0x000000260cb00000,0x000000260cc00000)]
  0x000001cf8efaa7e0 JavaThread "pool-30-thread-1" [_thread_blocked, id=6000, stack(0x000000260d100000,0x000000260d200000)]
  0x000001cf8ff0a3d0 JavaThread "C2 CompilerThread1" daemon [_thread_blocked, id=9164, stack(0x000000260cc00000,0x000000260cd00000)]
  0x000001cf8ff03e90 JavaThread "C2 CompilerThread2" daemon [_thread_blocked, id=9464, stack(0x000000260cd00000,0x000000260ce00000)]
  0x000001cf903294d0 JavaThread "C2 CompilerThread3" daemon [_thread_blocked, id=5444, stack(0x000000260ce00000,0x000000260cf00000)]

Other Threads:
  0x000001cfe0c06880 VMThread "VM Thread" [stack: 0x0000002609b00000,0x0000002609c00000] [id=14424]
  0x000001cffdb78960 WatcherThread [stack: 0x000000260a900000,0x000000260aa00000] [id=8720]
  0x000001cfe0b5fbd0 GCTaskThread "GC Thread#0" [stack: 0x0000002609a00000,0x0000002609b00000] [id=15572]
  0x000001cffdb7aba0 GCTaskThread "GC Thread#1" [stack: 0x000000260ad00000,0x000000260ae00000] [id=7264]
  0x000001cffdb7c850 GCTaskThread "GC Thread#2" [stack: 0x000000260ae00000,0x000000260af00000] [id=15112]
  0x000001cffdb79880 GCTaskThread "GC Thread#3" [stack: 0x000000260af00000,0x000000260b000000] [id=18308]
  0x000001cf80a7b390 GCTaskThread "GC Thread#4" [stack: 0x000000260b600000,0x000000260b700000] [id=13588]
  0x000001cf80a7e030 GCTaskThread "GC Thread#5" [stack: 0x000000260b700000,0x000000260b800000] [id=12480]
  0x000001cf80a7e360 GCTaskThread "GC Thread#6" [stack: 0x000000260b800000,0x000000260b900000] [id=8712]
  0x000001cf80a7b6c0 GCTaskThread "GC Thread#7" [stack: 0x000000260b900000,0x000000260ba00000] [id=9496]
=>0x000001cf80a7b9f0 GCTaskThread "GC Thread#8" [stack: 0x000000260ba00000,0x000000260bb00000] [id=18148]
  0x000001cf80a7cd10 GCTaskThread "GC Thread#9" [stack: 0x000000260bb00000,0x000000260bc00000] [id=18396]
  0x000001cf80a7d9d0 GCTaskThread "GC Thread#10" [stack: 0x000000260bf00000,0x000000260c000000] [id=13944]
  0x000001cf80a7c9e0 GCTaskThread "GC Thread#11" [stack: 0x000000260c000000,0x000000260c100000] [id=5736]
  0x000001cf80a7dd00 GCTaskThread "GC Thread#12" [stack: 0x000000260c400000,0x000000260c500000] [id=1992]

Threads with active compile tasks:
C2 CompilerThread0  5074214 22390       4       org.eclipse.jdt.internal.codeassist.complete.CompletionParser::updateRecoveryState (76 bytes)
C2 CompilerThread1  5074214 22397       4       org.eclipse.jdt.internal.codeassist.complete.CompletionParser::attachOrphanCompletionNode (2582 bytes)
C2 CompilerThread2  5074214 22388       4       org.eclipse.jdt.internal.codeassist.complete.CompletionParser::resumeOnSyntaxError (47 bytes)
C2 CompilerThread3  5074214 22396       4       org.eclipse.jdt.internal.codeassist.complete.CompletionParser::checkRecoveredType (267 bytes)

VM state: at safepoint (normal execution)

VM Mutex/Monitor currently owned by a thread:  ([mutex/lock_event])
[0x000001cfe0b440b0] Threads_lock - owner thread: 0x000001cfe0c06880
[0x000001cfe0b441d0] Heap_lock - owner thread: 0x000001cf8efa5140

Heap address: 0x00000000c0000000, size: 1024 MB, Compressed Oops mode: 32-bit
CDS archive(s) mapped at: [0x0000000800000000-0x0000000800b50000-0x0000000800b50000), size 11862016, SharedBaseAddress: 0x0000000800000000, ArchiveRelocationMode: 0.
Compressed class space mapped at: 0x0000000800b50000-0x0000000840b50000, size: 1073741824
Narrow klass base: 0x0000000800000000, Narrow klass shift: 3, Narrow klass range: 0x100000000

GC Precious Log:
 CPUs: 16 total, 16 available
 Memory: 24508M
 Large Page Support: Disabled
 NUMA Support: Disabled
 Compressed Oops: Enabled (32-bit)
 Heap Min Capacity: 100M
 Heap Initial Capacity: 100M
 Heap Max Capacity: 1G
 Pre-touch: Disabled
 Parallel Workers: 13

Heap:
 PSYoungGen      total 3072K, used 1408K [0x00000000eab00000, 0x00000000eb000000, 0x0000000100000000)
  eden space 1536K, 0% used [0x00000000eab00000,0x00000000eab00000,0x00000000eac80000)
  from space 1536K, 91% used [0x00000000eac80000,0x00000000eade0000,0x00000000eae00000)
  to   space 1536K, 0% used [0x00000000eae80000,0x00000000eae80000,0x00000000eb000000)
 ParOldGen       total 226304K, used 225363K [0x00000000c0000000, 0x00000000cdd00000, 0x00000000eab00000)
  object space 226304K, 99% used [0x00000000c0000000,0x00000000cdc14d60,0x00000000cdd00000)
 Metaspace       used 70557K, capacity 73096K, committed 73424K, reserved 1116160K
  class space    used 6519K, capacity 7433K, committed 7552K, reserved 1048576K

Card table byte_map: [0x000001cff9720000,0x000001cff9930000] _byte_map_base: 0x000001cff9120000

Marking Bits: (ParMarkBitMap*) 0x00007ffb1d8fc0f0
 Begin Bits: [0x000001cff9a90000, 0x000001cffaa90000)
 End Bits:   [0x000001cffaa90000, 0x000001cffba90000)

Polling page: 0x000001cfe0990000

Metaspace:

Usage:
  Non-class:     64.12 MB capacity,    62.54 MB ( 98%) used,     1.50 MB (  2%) free+waste,    84.50 KB ( <1%) overhead. 
      Class:      7.26 MB capacity,     6.37 MB ( 88%) used,   881.94 KB ( 12%) free+waste,    31.81 KB ( <1%) overhead. 
       Both:     71.38 MB capacity,    68.90 MB ( 97%) used,     2.37 MB (  3%) free+waste,   116.31 KB ( <1%) overhead. 

Virtual space:
  Non-class space:       66.00 MB reserved,      64.33 MB ( 97%) committed 
      Class space:        1.00 GB reserved,       7.38 MB ( <1%) committed 
             Both:        1.06 GB reserved,      71.70 MB (  7%) committed 

Chunk freelists:
   Non-Class:  81.00 KB
       Class:  23.00 KB
        Both:  104.00 KB

MaxMetaspaceSize: 17179869184.00 GB
CompressedClassSpaceSize: 1.00 GB

CodeHeap 'non-profiled nmethods': size=119168Kb used=21872Kb max_used=21948Kb free=97295Kb
 bounds [0x000001cff20d0000, 0x000001cff3660000, 0x000001cff9530000]
CodeHeap 'profiled nmethods': size=119104Kb used=28469Kb max_used=29325Kb free=90634Kb
 bounds [0x000001cfeac80000, 0x000001cfec950000, 0x000001cff20d0000]
CodeHeap 'non-nmethods': size=7488Kb used=1409Kb max_used=3166Kb free=6078Kb
 bounds [0x000001cfea530000, 0x000001cfea850000, 0x000001cfeac80000]
 total_blobs=15759 nmethods=15065 adapters=600
 compilation: enabled
              stopped_count=0, restarted_count=0
 full_count=0

Compilation events (20 events):
Event: 5074.076 Thread 0x000001cf8ff03e90 22388       4       org.eclipse.jdt.internal.codeassist.complete.CompletionParser::resumeOnSyntaxError (47 bytes)
Event: 5074.079 Thread 0x000001cffc6addd0 22400   !   3       org.eclipse.jdt.internal.codeassist.complete.CompletionScanner::getNextToken0 (4425 bytes)
Event: 5074.081 Thread 0x000001cffd99ef70 nmethod 22387 0x000001cff2eb1c90 code [0x000001cff2eb1ea0, 0x000001cff2eb27d0]
Event: 5074.081 Thread 0x000001cffd99ef70 22390       4       org.eclipse.jdt.internal.codeassist.complete.CompletionParser::updateRecoveryState (76 bytes)
Event: 5074.081 Thread 0x000001cf903294d0 22393       4       org.eclipse.jdt.internal.codeassist.complete.CompletionParser::completionIdentifierCheck (282 bytes)
Event: 5074.087 Thread 0x000001cf8ff0a3d0 nmethod 22389 0x000001cff3168710 code [0x000001cff31688e0, 0x000001cff3168ea8]
Event: 5074.087 Thread 0x000001cf8ff0a3d0 22402       4       org.eclipse.jdt.internal.codeassist.complete.CompletionParser::recoveryTokenCheck (236 bytes)
Event: 5074.091 Thread 0x000001cffc6addd0 nmethod 22400 0x000001cfec935310 code [0x000001cfec936000, 0x000001cfec93ff78]
Event: 5074.091 Thread 0x000001cffc6addd0 22401       3       org.eclipse.jdt.internal.codeassist.complete.CompletionParser::consumeBinaryExpression (64 bytes)
Event: 5074.092 Thread 0x000001cffc6addd0 nmethod 22401 0x000001cfebcb2c10 code [0x000001cfebcb2de0, 0x000001cfebcb32f8]
Event: 5074.092 Thread 0x000001cffc6addd0 22403       3       org.eclipse.jdt.internal.codeassist.complete.CompletionParser::consumeConstructorHeader (12 bytes)
Event: 5074.092 Thread 0x000001cffc6addd0 nmethod 22403 0x000001cfec1a6d10 code [0x000001cfec1a6ee0, 0x000001cfec1a7408]
Event: 5074.104 Thread 0x000001cf903294d0 nmethod 22393 0x000001cff35ba110 code [0x000001cff35ba3e0, 0x000001cff35bb128]
Event: 5074.104 Thread 0x000001cf903294d0 22394       4       org.eclipse.jdt.internal.codeassist.complete.CompletionParser::checkMemberValueName (143 bytes)
Event: 5074.112 Thread 0x000001cf903294d0 nmethod 22394 0x000001cff2e7e210 code [0x000001cff2e7e3a0, 0x000001cff2e7e658]
Event: 5074.112 Thread 0x000001cf903294d0 22395       4       org.eclipse.jdt.internal.codeassist.complete.CompletionParser::checkModuleInfoConstructs (231 bytes)
Event: 5074.113 Thread 0x000001cf903294d0 nmethod 22395 0x000001cff3168110 code [0x000001cff3168280, 0x000001cff3168358]
Event: 5074.113 Thread 0x000001cf903294d0 22396       4       org.eclipse.jdt.internal.codeassist.complete.CompletionParser::checkRecoveredType (267 bytes)
Event: 5074.116 Thread 0x000001cf8ff0a3d0 nmethod 22402 0x000001cff35b7c10 code [0x000001cff35b7fe0, 0x000001cff35b91d8]
Event: 5074.116 Thread 0x000001cf8ff0a3d0 22397       4       org.eclipse.jdt.internal.codeassist.complete.CompletionParser::attachOrphanCompletionNode (2582 bytes)

GC Heap History (20 events):
Event: 5072.734 GC heap after
{Heap after GC invocations=4910 (full 78):
 PSYoungGen      total 3072K, used 1507K [0x00000000eab00000, 0x00000000eb500000, 0x0000000100000000)
  eden space 1536K, 0% used [0x00000000eab00000,0x00000000eab00000,0x00000000eac80000)
  from space 1536K, 98% used [0x00000000eaf80000,0x00000000eb0f8c60,0x00000000eb100000)
  to   space 3072K, 0% used [0x00000000eac80000,0x00000000eac80000,0x00000000eaf80000)
 ParOldGen       total 226304K, used 218215K [0x00000000c0000000, 0x00000000cdd00000, 0x00000000eab00000)
  object space 226304K, 96% used [0x00000000c0000000,0x00000000cd519fa0,0x00000000cdd00000)
 Metaspace       used 70555K, capacity 73096K, committed 73424K, reserved 1116160K
  class space    used 6519K, capacity 7433K, committed 7552K, reserved 1048576K
}
Event: 5072.739 GC heap before
{Heap before GC invocations=4911 (full 78):
 PSYoungGen      total 3072K, used 3043K [0x00000000eab00000, 0x00000000eb500000, 0x0000000100000000)
  eden space 1536K, 100% used [0x00000000eab00000,0x00000000eac80000,0x00000000eac80000)
  from space 1536K, 98% used [0x00000000eaf80000,0x00000000eb0f8c60,0x00000000eb100000)
  to   space 3072K, 0% used [0x00000000eac80000,0x00000000eac80000,0x00000000eaf80000)
 ParOldGen       total 226304K, used 218215K [0x00000000c0000000, 0x00000000cdd00000, 0x00000000eab00000)
  object space 226304K, 96% used [0x00000000c0000000,0x00000000cd519fa0,0x00000000cdd00000)
 Metaspace       used 70555K, capacity 73096K, committed 73424K, reserved 1116160K
  class space    used 6519K, capacity 7433K, committed 7552K, reserved 1048576K
}
Event: 5072.740 GC heap after
{Heap after GC invocations=4911 (full 78):
 PSYoungGen      total 2560K, used 768K [0x00000000eab00000, 0x00000000eb000000, 0x0000000100000000)
  eden space 1536K, 0% used [0x00000000eab00000,0x00000000eab00000,0x00000000eac80000)
  from space 1024K, 75% used [0x00000000eac80000,0x00000000ead40000,0x00000000ead80000)
  to   space 1536K, 0% used [0x00000000eae80000,0x00000000eae80000,0x00000000eb000000)
 ParOldGen       total 226304K, used 219637K [0x00000000c0000000, 0x00000000cdd00000, 0x00000000eab00000)
  object space 226304K, 97% used [0x00000000c0000000,0x00000000cd67d618,0x00000000cdd00000)
 Metaspace       used 70555K, capacity 73096K, committed 73424K, reserved 1116160K
  class space    used 6519K, capacity 7433K, committed 7552K, reserved 1048576K
}
Event: 5074.068 GC heap before
{Heap before GC invocations=4912 (full 78):
 PSYoungGen      total 2560K, used 2304K [0x00000000eab00000, 0x00000000eb000000, 0x0000000100000000)
  eden space 1536K, 100% used [0x00000000eab00000,0x00000000eac80000,0x00000000eac80000)
  from space 1024K, 75% used [0x00000000eac80000,0x00000000ead40000,0x00000000ead80000)
  to   space 1536K, 0% used [0x00000000eae80000,0x00000000eae80000,0x00000000eb000000)
 ParOldGen       total 226304K, used 219637K [0x00000000c0000000, 0x00000000cdd00000, 0x00000000eab00000)
  object space 226304K, 97% used [0x00000000c0000000,0x00000000cd67d618,0x00000000cdd00000)
 Metaspace       used 70555K, capacity 73096K, committed 73424K, reserved 1116160K
  class space    used 6519K, capacity 7433K, committed 7552K, reserved 1048576K
}
Event: 5074.069 GC heap after
{Heap after GC invocations=4912 (full 78):
 PSYoungGen      total 2048K, used 512K [0x00000000eab00000, 0x00000000eaf00000, 0x0000000100000000)
  eden space 1536K, 0% used [0x00000000eab00000,0x00000000eab00000,0x00000000eac80000)
  from space 512K, 100% used [0x00000000eae80000,0x00000000eaf00000,0x00000000eaf00000)
  to   space 1024K, 0% used [0x00000000ead00000,0x00000000ead00000,0x00000000eae00000)
 ParOldGen       total 226304K, used 220277K [0x00000000c0000000, 0x00000000cdd00000, 0x00000000eab00000)
  object space 226304K, 97% used [0x00000000c0000000,0x00000000cd71d618,0x00000000cdd00000)
 Metaspace       used 70555K, capacity 73096K, committed 73424K, reserved 1116160K
  class space    used 6519K, capacity 7433K, committed 7552K, reserved 1048576K
}
Event: 5074.078 GC heap before
{Heap before GC invocations=4913 (full 78):
 PSYoungGen      total 2048K, used 2047K [0x00000000eab00000, 0x00000000eaf00000, 0x0000000100000000)
  eden space 1536K, 99% used [0x00000000eab00000,0x00000000eac7ffe8,0x00000000eac80000)
  from space 512K, 100% used [0x00000000eae80000,0x00000000eaf00000,0x00000000eaf00000)
  to   space 1024K, 0% used [0x00000000ead00000,0x00000000ead00000,0x00000000eae00000)
 ParOldGen       total 226304K, used 220277K [0x00000000c0000000, 0x00000000cdd00000, 0x00000000eab00000)
  object space 226304K, 97% used [0x00000000c0000000,0x00000000cd71d618,0x00000000cdd00000)
 Metaspace       used 70556K, capacity 73096K, committed 73424K, reserved 1116160K
  class space    used 6519K, capacity 7433K, committed 7552K, reserved 1048576K
}
Event: 5074.079 GC heap after
{Heap after GC invocations=4913 (full 78):
 PSYoungGen      total 2560K, used 812K [0x00000000eab00000, 0x00000000eaf00000, 0x0000000100000000)
  eden space 1536K, 0% used [0x00000000eab00000,0x00000000eab00000,0x00000000eac80000)
  from space 1024K, 79% used [0x00000000ead00000,0x00000000eadcb180,0x00000000eae00000)
  to   space 1024K, 0% used [0x00000000eae00000,0x00000000eae00000,0x00000000eaf00000)
 ParOldGen       total 226304K, used 220559K [0x00000000c0000000, 0x00000000cdd00000, 0x00000000eab00000)
  object space 226304K, 97% used [0x00000000c0000000,0x00000000cd763fe8,0x00000000cdd00000)
 Metaspace       used 70556K, capacity 73096K, committed 73424K, reserved 1116160K
  class space    used 6519K, capacity 7433K, committed 7552K, reserved 1048576K
}
Event: 5074.085 GC heap before
{Heap before GC invocations=4914 (full 78):
 PSYoungGen      total 2560K, used 2348K [0x00000000eab00000, 0x00000000eaf00000, 0x0000000100000000)
  eden space 1536K, 100% used [0x00000000eab00000,0x00000000eac80000,0x00000000eac80000)
  from space 1024K, 79% used [0x00000000ead00000,0x00000000eadcb180,0x00000000eae00000)
  to   space 1024K, 0% used [0x00000000eae00000,0x00000000eae00000,0x00000000eaf00000)
 ParOldGen       total 226304K, used 220559K [0x00000000c0000000, 0x00000000cdd00000, 0x00000000eab00000)
  object space 226304K, 97% used [0x00000000c0000000,0x00000000cd763fe8,0x00000000cdd00000)
 Metaspace       used 70556K, capacity 73096K, committed 73424K, reserved 1116160K
  class space    used 6519K, capacity 7433K, committed 7552K, reserved 1048576K
}
Event: 5074.085 GC heap after
{Heap after GC invocations=4914 (full 78):
 PSYoungGen      total 2560K, used 672K [0x00000000eab00000, 0x00000000eaf00000, 0x0000000100000000)
  eden space 1536K, 0% used [0x00000000eab00000,0x00000000eab00000,0x00000000eac80000)
  from space 1024K, 65% used [0x00000000eae00000,0x00000000eaea8000,0x00000000eaf00000)
  to   space 1024K, 0% used [0x00000000ead00000,0x00000000ead00000,0x00000000eae00000)
 ParOldGen       total 226304K, used 220941K [0x00000000c0000000, 0x00000000cdd00000, 0x00000000eab00000)
  object space 226304K, 97% used [0x00000000c0000000,0x00000000cd7c3410,0x00000000cdd00000)
 Metaspace       used 70556K, capacity 73096K, committed 73424K, reserved 1116160K
  class space    used 6519K, capacity 7433K, committed 7552K, reserved 1048576K
}
Event: 5074.088 GC heap before
{Heap before GC invocations=4915 (full 78):
 PSYoungGen      total 2560K, used 2208K [0x00000000eab00000, 0x00000000eaf00000, 0x0000000100000000)
  eden space 1536K, 100% used [0x00000000eab00000,0x00000000eac80000,0x00000000eac80000)
  from space 1024K, 65% used [0x00000000eae00000,0x00000000eaea8000,0x00000000eaf00000)
  to   space 1024K, 0% used [0x00000000ead00000,0x00000000ead00000,0x00000000eae00000)
 ParOldGen       total 226304K, used 220941K [0x00000000c0000000, 0x00000000cdd00000, 0x00000000eab00000)
  object space 226304K, 97% used [0x00000000c0000000,0x00000000cd7c3410,0x00000000cdd00000)
 Metaspace       used 70556K, capacity 73096K, committed 73424K, reserved 1116160K
  class space    used 6519K, capacity 7433K, committed 7552K, reserved 1048576K
}
Event: 5074.089 GC heap after
{Heap after GC invocations=4915 (full 78):
 PSYoungGen      total 3072K, used 800K [0x00000000eab00000, 0x00000000eaf00000, 0x0000000100000000)
  eden space 2048K, 0% used [0x00000000eab00000,0x00000000eab00000,0x00000000ead00000)
  from space 1024K, 78% used [0x00000000ead00000,0x00000000eadc8000,0x00000000eae00000)
  to   space 1024K, 0% used [0x00000000eae00000,0x00000000eae00000,0x00000000eaf00000)
 ParOldGen       total 226304K, used 221431K [0x00000000c0000000, 0x00000000cdd00000, 0x00000000eab00000)
  object space 226304K, 97% used [0x00000000c0000000,0x00000000cd83dde8,0x00000000cdd00000)
 Metaspace       used 70556K, capacity 73096K, committed 73424K, reserved 1116160K
  class space    used 6519K, capacity 7433K, committed 7552K, reserved 1048576K
}
Event: 5074.094 GC heap before
{Heap before GC invocations=4916 (full 78):
 PSYoungGen      total 3072K, used 2848K [0x00000000eab00000, 0x00000000eaf00000, 0x0000000100000000)
  eden space 2048K, 100% used [0x00000000eab00000,0x00000000ead00000,0x00000000ead00000)
  from space 1024K, 78% used [0x00000000ead00000,0x00000000eadc8000,0x00000000eae00000)
  to   space 1024K, 0% used [0x00000000eae00000,0x00000000eae00000,0x00000000eaf00000)
 ParOldGen       total 226304K, used 221431K [0x00000000c0000000, 0x00000000cdd00000, 0x00000000eab00000)
  object space 226304K, 97% used [0x00000000c0000000,0x00000000cd83dde8,0x00000000cdd00000)
 Metaspace       used 70557K, capacity 73096K, committed 73424K, reserved 1116160K
  class space    used 6519K, capacity 7433K, committed 7552K, reserved 1048576K
}
Event: 5074.096 GC heap after
{Heap after GC invocations=4916 (full 78):
 PSYoungGen      total 2048K, used 1023K [0x00000000eab00000, 0x00000000eb180000, 0x0000000100000000)
  eden space 1024K, 0% used [0x00000000eab00000,0x00000000eab00000,0x00000000eac00000)
  from space 1024K, 99% used [0x00000000eae00000,0x00000000eaefff40,0x00000000eaf00000)
  to   space 2048K, 0% used [0x00000000eac00000,0x00000000eac00000,0x00000000eae00000)
 ParOldGen       total 226304K, used 222203K [0x00000000c0000000, 0x00000000cdd00000, 0x00000000eab00000)
  object space 226304K, 98% used [0x00000000c0000000,0x00000000cd8fee20,0x00000000cdd00000)
 Metaspace       used 70557K, capacity 73096K, committed 73424K, reserved 1116160K
  class space    used 6519K, capacity 7433K, committed 7552K, reserved 1048576K
}
Event: 5074.100 GC heap before
{Heap before GC invocations=4917 (full 78):
 PSYoungGen      total 2048K, used 2047K [0x00000000eab00000, 0x00000000eb180000, 0x0000000100000000)
  eden space 1024K, 99% used [0x00000000eab00000,0x00000000eabfffa0,0x00000000eac00000)
  from space 1024K, 99% used [0x00000000eae00000,0x00000000eaefff40,0x00000000eaf00000)
  to   space 2048K, 0% used [0x00000000eac00000,0x00000000eac00000,0x00000000eae00000)
 ParOldGen       total 226304K, used 222203K [0x00000000c0000000, 0x00000000cdd00000, 0x00000000eab00000)
  object space 226304K, 98% used [0x00000000c0000000,0x00000000cd8fee20,0x00000000cdd00000)
 Metaspace       used 70557K, capacity 73096K, committed 73424K, reserved 1116160K
  class space    used 6519K, capacity 7433K, committed 7552K, reserved 1048576K
}
Event: 5074.102 GC heap after
{Heap after GC invocations=4917 (full 78):
 PSYoungGen      total 3072K, used 1152K [0x00000000eab00000, 0x00000000eaf80000, 0x0000000100000000)
  eden space 1024K, 0% used [0x00000000eab00000,0x00000000eab00000,0x00000000eac00000)
  from space 2048K, 56% used [0x00000000eac00000,0x00000000ead20000,0x00000000eae00000)
  to   space 1536K, 0% used [0x00000000eae00000,0x00000000eae00000,0x00000000eaf80000)
 ParOldGen       total 226304K, used 223267K [0x00000000c0000000, 0x00000000cdd00000, 0x00000000eab00000)
  object space 226304K, 98% used [0x00000000c0000000,0x00000000cda08d60,0x00000000cdd00000)
 Metaspace       used 70557K, capacity 73096K, committed 73424K, reserved 1116160K
  class space    used 6519K, capacity 7433K, committed 7552K, reserved 1048576K
}
Event: 5074.106 GC heap before
{Heap before GC invocations=4918 (full 78):
 PSYoungGen      total 3072K, used 2176K [0x00000000eab00000, 0x00000000eaf80000, 0x0000000100000000)
  eden space 1024K, 100% used [0x00000000eab00000,0x00000000eac00000,0x00000000eac00000)
  from space 2048K, 56% used [0x00000000eac00000,0x00000000ead20000,0x00000000eae00000)
  to   space 1536K, 0% used [0x00000000eae00000,0x00000000eae00000,0x00000000eaf80000)
 ParOldGen       total 226304K, used 223267K [0x00000000c0000000, 0x00000000cdd00000, 0x00000000eab00000)
  object space 226304K, 98% used [0x00000000c0000000,0x00000000cda08d60,0x00000000cdd00000)
 Metaspace       used 70557K, capacity 73096K, committed 73424K, reserved 1116160K
  class space    used 6519K, capacity 7433K, committed 7552K, reserved 1048576K
}
Event: 5074.110 GC heap after
{Heap after GC invocations=4918 (full 78):
 PSYoungGen      total 3072K, used 1216K [0x00000000eab00000, 0x00000000eaf80000, 0x0000000100000000)
  eden space 1536K, 0% used [0x00000000eab00000,0x00000000eab00000,0x00000000eac80000)
  from space 1536K, 79% used [0x00000000eae00000,0x00000000eaf30000,0x00000000eaf80000)
  to   space 1536K, 0% used [0x00000000eac80000,0x00000000eac80000,0x00000000eae00000)
 ParOldGen       total 226304K, used 224307K [0x00000000c0000000, 0x00000000cdd00000, 0x00000000eab00000)
  object space 226304K, 99% used [0x00000000c0000000,0x00000000cdb0cd60,0x00000000cdd00000)
 Metaspace       used 70557K, capacity 73096K, committed 73424K, reserved 1116160K
  class space    used 6519K, capacity 7433K, committed 7552K, reserved 1048576K
}
Event: 5074.117 GC heap before
{Heap before GC invocations=4919 (full 78):
 PSYoungGen      total 3072K, used 2752K [0x00000000eab00000, 0x00000000eaf80000, 0x0000000100000000)
  eden space 1536K, 100% used [0x00000000eab00000,0x00000000eac80000,0x00000000eac80000)
  from space 1536K, 79% used [0x00000000eae00000,0x00000000eaf30000,0x00000000eaf80000)
  to   space 1536K, 0% used [0x00000000eac80000,0x00000000eac80000,0x00000000eae00000)
 ParOldGen       total 226304K, used 224307K [0x00000000c0000000, 0x00000000cdd00000, 0x00000000eab00000)
  object space 226304K, 99% used [0x00000000c0000000,0x00000000cdb0cd60,0x00000000cdd00000)
 Metaspace       used 70557K, capacity 73096K, committed 73424K, reserved 1116160K
  class space    used 6519K, capacity 7433K, committed 7552K, reserved 1048576K
}
Event: 5074.120 GC heap after
{Heap after GC invocations=4919 (full 78):
 PSYoungGen      total 3072K, used 1408K [0x00000000eab00000, 0x00000000eb000000, 0x0000000100000000)
  eden space 1536K, 0% used [0x00000000eab00000,0x00000000eab00000,0x00000000eac80000)
  from space 1536K, 91% used [0x00000000eac80000,0x00000000eade0000,0x00000000eae00000)
  to   space 1536K, 0% used [0x00000000eae80000,0x00000000eae80000,0x00000000eb000000)
 ParOldGen       total 226304K, used 225363K [0x00000000c0000000, 0x00000000cdd00000, 0x00000000eab00000)
  object space 226304K, 99% used [0x00000000c0000000,0x00000000cdc14d60,0x00000000cdd00000)
 Metaspace       used 70557K, capacity 73096K, committed 73424K, reserved 1116160K
  class space    used 6519K, capacity 7433K, committed 7552K, reserved 1048576K
}
Event: 5074.120 GC heap before
{Heap before GC invocations=4920 (full 79):
 PSYoungGen      total 3072K, used 1408K [0x00000000eab00000, 0x00000000eb000000, 0x0000000100000000)
  eden space 1536K, 0% used [0x00000000eab00000,0x00000000eab00000,0x00000000eac80000)
  from space 1536K, 91% used [0x00000000eac80000,0x00000000eade0000,0x00000000eae00000)
  to   space 1536K, 0% used [0x00000000eae80000,0x00000000eae80000,0x00000000eb000000)
 ParOldGen       total 226304K, used 225363K [0x00000000c0000000, 0x00000000cdd00000, 0x00000000eab00000)
  object space 226304K, 99% used [0x00000000c0000000,0x00000000cdc14d60,0x00000000cdd00000)
 Metaspace       used 70557K, capacity 73096K, committed 73424K, reserved 1116160K
  class space    used 6519K, capacity 7433K, committed 7552K, reserved 1048576K
}

Deoptimization events (20 events):
Event: 5074.075 Thread 0x000001cf8efa5140 Uncommon trap: trap_request=0xffffff45 fr.pc=0x000001cff277b774 relative=0x0000000000000494
Event: 5074.075 Thread 0x000001cf8efa5140 Uncommon trap: reason=unstable_if action=reinterpret pc=0x000001cff277b774 method=org.eclipse.jdt.internal.codeassist.complete.CompletionParser.recoveryTokenCheck()V @ 9 c2
Event: 5074.075 Thread 0x000001cf8efa5140 DEOPT PACKING pc=0x000001cff277b774 sp=0x000000260c1fe420
Event: 5074.075 Thread 0x000001cf8efa5140 DEOPT UNPACKING pc=0x000001cfea57e42f sp=0x000000260c1fe3c0 mode 2
Event: 5074.079 Thread 0x000001cf8efa5140 Uncommon trap: trap_request=0xffffff45 fr.pc=0x000001cff3607d90 relative=0x00000000000030f0
Event: 5074.079 Thread 0x000001cf8efa5140 Uncommon trap: reason=unstable_if action=reinterpret pc=0x000001cff3607d90 method=org.eclipse.jdt.internal.codeassist.complete.CompletionScanner.getNextToken0()I @ 942 c2
Event: 5074.079 Thread 0x000001cf8efa5140 DEOPT PACKING pc=0x000001cff3607d90 sp=0x000000260c1fe340
Event: 5074.079 Thread 0x000001cf8efa5140 DEOPT UNPACKING pc=0x000001cfea57e42f sp=0x000000260c1fe2f0 mode 2
Event: 5074.082 Thread 0x000001cf8efa5140 Uncommon trap: trap_request=0xffffffde fr.pc=0x000001cff317d3c0 relative=0x00000000000002c0
Event: 5074.082 Thread 0x000001cf8efa5140 Uncommon trap: reason=class_check action=maybe_recompile pc=0x000001cff317d3c0 method=org.eclipse.jdt.internal.codeassist.impl.AssistParser.recoveryTokenCheck()V @ 143 c2
Event: 5074.082 Thread 0x000001cf8efa5140 DEOPT PACKING pc=0x000001cff317d3c0 sp=0x000000260c1fe2d0
Event: 5074.082 Thread 0x000001cf8efa5140 DEOPT UNPACKING pc=0x000001cfea57e42f sp=0x000000260c1fe270 mode 2
Event: 5074.084 Thread 0x000001cf8efa5140 Uncommon trap: trap_request=0xffffffc6 fr.pc=0x000001cff2d854b0 relative=0x00000000000014b0
Event: 5074.084 Thread 0x000001cf8efa5140 Uncommon trap: reason=bimorphic_or_optimized_type_check action=maybe_recompile pc=0x000001cff2d854b0 method=org.eclipse.jdt.internal.compiler.lookup.ClassScope.buildFields()V @ 59 c2
Event: 5074.084 Thread 0x000001cf8efa5140 DEOPT PACKING pc=0x000001cff2d854b0 sp=0x000000260c1fe4c0
Event: 5074.084 Thread 0x000001cf8efa5140 DEOPT UNPACKING pc=0x000001cfea57e42f sp=0x000000260c1fe488 mode 2
Event: 5074.090 Thread 0x000001cf8efa5140 Uncommon trap: trap_request=0xffffffde fr.pc=0x000001cff2c3a458 relative=0x0000000000001118
Event: 5074.090 Thread 0x000001cf8efa5140 Uncommon trap: reason=class_check action=maybe_recompile pc=0x000001cff2c3a458 method=org.eclipse.jdt.internal.compiler.lookup.SourceTypeBinding.resolveTypeFor(Lorg/eclipse/jdt/internal/compiler/lookup/FieldBinding;)Lorg/eclipse/jdt/internal/compiler/look
Event: 5074.090 Thread 0x000001cf8efa5140 DEOPT PACKING pc=0x000001cff2c3a458 sp=0x000000260c1fe470
Event: 5074.090 Thread 0x000001cf8efa5140 DEOPT UNPACKING pc=0x000001cfea57e42f sp=0x000000260c1fe3f8 mode 2

Classes unloaded (20 events):
Event: 877.398 Thread 0x000001cfe0c06880 Unloading class 0x0000000800bb7440 'java/lang/invoke/LambdaForm$DMH+0x0000000800bb7440'
Event: 877.398 Thread 0x000001cfe0c06880 Unloading class 0x0000000800bb7c40 'java/lang/invoke/LambdaForm$DMH+0x0000000800bb7c40'
Event: 877.398 Thread 0x000001cfe0c06880 Unloading class 0x0000000800bb2440 'jdk/internal/reflect/GeneratedConstructorAccessor1'
Event: 1028.070 Thread 0x000001cfe0c06880 Unloading class 0x00000008011e3840 'jdk/internal/reflect/GeneratedSerializationConstructorAccessor4'
Event: 1028.070 Thread 0x000001cfe0c06880 Unloading class 0x0000000800dc6840 'jdk/internal/reflect/GeneratedSerializationConstructorAccessor3'
Event: 1028.071 Thread 0x000001cfe0c06880 Unloading class 0x0000000800dc7440 'jdk/internal/reflect/GeneratedSerializationConstructorAccessor2'
Event: 1028.071 Thread 0x000001cfe0c06880 Unloading class 0x0000000800dc7040 'jdk/internal/reflect/GeneratedSerializationConstructorAccessor1'
Event: 1929.264 Thread 0x000001cfe0c06880 Unloading class 0x00000008011e4440 'jdk/internal/reflect/GeneratedConstructorAccessor38'
Event: 3040.311 Thread 0x000001cfe0c06880 Unloading class 0x00000008011e4440 'jdk/internal/reflect/GeneratedMethodAccessor16'
Event: 3040.311 Thread 0x000001cfe0c06880 Unloading class 0x0000000800c1fc40 'jdk/internal/reflect/GeneratedSerializationConstructorAccessor8'
Event: 3040.311 Thread 0x000001cfe0c06880 Unloading class 0x0000000800c1ec40 'jdk/internal/reflect/GeneratedSerializationConstructorAccessor7'
Event: 3040.311 Thread 0x000001cfe0c06880 Unloading class 0x0000000800dc6840 'jdk/internal/reflect/GeneratedSerializationConstructorAccessor6'
Event: 3040.311 Thread 0x000001cfe0c06880 Unloading class 0x00000008011e3840 'jdk/internal/reflect/GeneratedSerializationConstructorAccessor5'
Event: 4850.714 Thread 0x000001cfe0c06880 Unloading class 0x0000000800cd2040 'jdk/internal/reflect/GeneratedSerializationConstructorAccessor12'
Event: 4850.714 Thread 0x000001cfe0c06880 Unloading class 0x0000000800dc7440 'jdk/internal/reflect/GeneratedSerializationConstructorAccessor11'
Event: 4850.714 Thread 0x000001cfe0c06880 Unloading class 0x0000000800dc7040 'jdk/internal/reflect/GeneratedSerializationConstructorAccessor10'
Event: 4850.714 Thread 0x000001cfe0c06880 Unloading class 0x00000008011e2c40 'jdk/internal/reflect/GeneratedSerializationConstructorAccessor9'
Event: 4850.714 Thread 0x000001cfe0c06880 Unloading class 0x00000008011e3840 'jdk/internal/reflect/GeneratedConstructorAccessor46'
Event: 4850.714 Thread 0x000001cfe0c06880 Unloading class 0x0000000801177840 'jdk/internal/reflect/GeneratedConstructorAccessor24'
Event: 4850.714 Thread 0x000001cfe0c06880 Unloading class 0x0000000801029c40 'jdk/internal/reflect/GeneratedConstructorAccessor23'

Classes redefined (0 events):
No events

Internal exceptions (20 events):
Event: 3079.742 Thread 0x000001cf902831a0 Exception <a 'java/lang/ArrayIndexOutOfBoundsException'{0x00000000eab5e870}> (0x00000000eab5e870) 
thrown [./open/src/hotspot/share/runtime/sharedRuntime.cpp, line 585]
Event: 3079.850 Thread 0x000001cf90287ea0 Exception <a 'java/lang/ArrayIndexOutOfBoundsException'{0x00000000eabfded0}> (0x00000000eabfded0) 
thrown [./open/src/hotspot/share/runtime/sharedRuntime.cpp, line 585]
Event: 3079.875 Thread 0x000001cf90284e80 Exception <a 'java/lang/ArrayIndexOutOfBoundsException'{0x00000000ead3de98}> (0x00000000ead3de98) 
thrown [./open/src/hotspot/share/runtime/sharedRuntime.cpp, line 585]
Event: 3079.875 Thread 0x000001cf902831a0 Exception <a 'java/lang/ArrayIndexOutOfBoundsException'{0x00000000ead37bb0}> (0x00000000ead37bb0) 
thrown [./open/src/hotspot/share/runtime/sharedRuntime.cpp, line 585]
Event: 3133.594 Thread 0x000001cf90284e80 Exception <a 'java/lang/ArrayIndexOutOfBoundsException'{0x00000000eaccc628}> (0x00000000eaccc628) 
thrown [./open/src/hotspot/share/runtime/sharedRuntime.cpp, line 585]
Event: 3950.437 Thread 0x000001cf90282330 Exception <a 'java/lang/ArrayIndexOutOfBoundsException'{0x00000000eacd4e08}> (0x00000000eacd4e08) 
thrown [./open/src/hotspot/share/runtime/sharedRuntime.cpp, line 585]
Event: 4850.875 Thread 0x000001cf834ff0b0 Exception <a 'java/lang/ArrayIndexOutOfBoundsException'{0x00000000ead454a0}> (0x00000000ead454a0) 
thrown [./open/src/hotspot/share/runtime/sharedRuntime.cpp, line 585]
Event: 5025.203 Thread 0x000001cf8efa9970 Implicit null exception at 0x000001cff2cd14d0 to 0x000001cff2cd20ac
Event: 5025.203 Thread 0x000001cf8efa9970 Implicit null exception at 0x000001cff2cda10c to 0x000001cff2cdaa84
Event: 5036.581 Thread 0x000001cf8efa8b00 Exception <a 'java/lang/ArrayIndexOutOfBoundsException'{0x00000000eb0d83b8}> (0x00000000eb0d83b8) 
thrown [./open/src/hotspot/share/runtime/sharedRuntime.cpp, line 585]
Event: 5043.526 Thread 0x000001cf834ff0b0 Exception <a 'java/lang/ArrayIndexOutOfBoundsException'{0x00000000eac898b8}> (0x00000000eac898b8) 
thrown [./open/src/hotspot/share/runtime/sharedRuntime.cpp, line 585]
Event: 5069.825 Thread 0x000001cf8efa94a0 Exception <a 'java/lang/ArrayIndexOutOfBoundsException'{0x00000000eab446c8}> (0x00000000eab446c8) 
thrown [./open/src/hotspot/share/runtime/sharedRuntime.cpp, line 585]
Event: 5069.825 Thread 0x000001cf8efa94a0 Exception <a 'java/lang/ArrayIndexOutOfBoundsException'{0x00000000eab44ac0}> (0x00000000eab44ac0) 
thrown [./open/src/hotspot/share/runtime/sharedRuntime.cpp, line 585]
Event: 5069.825 Thread 0x000001cf8efa94a0 Exception <a 'java/lang/ArrayIndexOutOfBoundsException'{0x00000000eab44e50}> (0x00000000eab44e50) 
thrown [./open/src/hotspot/share/runtime/sharedRuntime.cpp, line 585]
Event: 5070.041 Thread 0x000001cf8efa94a0 Implicit null exception at 0x000001cff2ef0539 to 0x000001cff2ef1e20
Event: 5070.502 Thread 0x000001cf8efaa7e0 Exception <a 'java/lang/ClassNotFoundException'{0x00000000eafc6fb8}: sun/net/www/protocol/jdt/Handler> (0x00000000eafc6fb8) 
thrown [./open/src/hotspot/share/classfile/systemDictionary.cpp, line 295]
Event: 5070.502 Thread 0x000001cf8efaa7e0 Exception <a 'java/lang/ClassNotFoundException'{0x00000000eafc8c78}: sun/net/www/protocol/jdt/Handler> (0x00000000eafc8c78) 
thrown [./open/src/hotspot/share/classfile/systemDictionary.cpp, line 295]
Event: 5074.082 Thread 0x000001cf8efa5140 Exception <a 'java/lang/ArrayIndexOutOfBoundsException'{0x00000000eab516c8}: Index 50726 out of bounds for length 50726> (0x00000000eab516c8) 
thrown [./open/src/hotspot/share/interpreter/interpreterRuntime.cpp, line 443]
Event: 5074.082 Thread 0x000001cf8efa5140 Exception <a 'java/lang/ArrayIndexOutOfBoundsException'{0x00000000eab51ac0}: Index 50726 out of bounds for length 50726> (0x00000000eab51ac0) 
thrown [./open/src/hotspot/share/interpreter/interpreterRuntime.cpp, line 443]
Event: 5074.083 Thread 0x000001cf8efa5140 Exception <a 'java/lang/ArrayIndexOutOfBoundsException'{0x00000000eab51e50}: Index 50727 out of bounds for length 50726> (0x00000000eab51e50) 
thrown [./open/src/hotspot/share/interpreter/interpreterRuntime.cpp, line 443]

Events (20 events):
Event: 5074.068 Executing VM operation: ParallelGCFailedAllocation
Event: 5074.069 Executing VM operation: ParallelGCFailedAllocation done
Event: 5074.069 Executing VM operation: HandshakeAllThreads
Event: 5074.069 Executing VM operation: HandshakeAllThreads done
Event: 5074.076 Thread 0x000001cf8ff0a3d0 Thread added: 0x000001cf8ff0a3d0
Event: 5074.076 Thread 0x000001cf8ff03e90 Thread added: 0x000001cf8ff03e90
Event: 5074.078 Executing VM operation: ParallelGCFailedAllocation
Event: 5074.079 Executing VM operation: ParallelGCFailedAllocation done
Event: 5074.081 Thread 0x000001cf903294d0 Thread added: 0x000001cf903294d0
Event: 5074.084 Executing VM operation: ParallelGCFailedAllocation
Event: 5074.086 Executing VM operation: ParallelGCFailedAllocation done
Event: 5074.088 Executing VM operation: ParallelGCFailedAllocation
Event: 5074.089 Executing VM operation: ParallelGCFailedAllocation done
Event: 5074.094 Executing VM operation: ParallelGCFailedAllocation
Event: 5074.096 Executing VM operation: ParallelGCFailedAllocation done
Event: 5074.100 Executing VM operation: ParallelGCFailedAllocation
Event: 5074.102 Executing VM operation: ParallelGCFailedAllocation done
Event: 5074.106 Executing VM operation: ParallelGCFailedAllocation
Event: 5074.110 Executing VM operation: ParallelGCFailedAllocation done
Event: 5074.117 Executing VM operation: ParallelGCFailedAllocation


Dynamic libraries:
0x00007ff702c90000 - 0x00007ff702c9f000 	C:\Program Files\Java\jdk-15.0.1\bin\java.exe
0x00007ffb7ade0000 - 0x00007ffb7afd0000 	C:\Windows\SYSTEM32\ntdll.dll
0x00007ffb79330000 - 0x00007ffb793e2000 	C:\Windows\System32\KERNEL32.DLL
0x00007ffb77fd0000 - 0x00007ffb78275000 	C:\Windows\System32\KERNELBASE.dll
0x00007ffb78280000 - 0x00007ffb7837a000 	C:\Windows\System32\ucrtbase.dll
0x00007ffb61070000 - 0x00007ffb61089000 	C:\Program Files\Java\jdk-15.0.1\bin\VCRUNTIME140.dll
0x00007ffb61000000 - 0x00007ffb61018000 	C:\Program Files\Java\jdk-15.0.1\bin\jli.dll
0x00007ffb79600000 - 0x00007ffb796a3000 	C:\Windows\System32\ADVAPI32.dll
0x00007ffb79d80000 - 0x00007ffb79e1e000 	C:\Windows\System32\msvcrt.dll
0x00007ffb79560000 - 0x00007ffb795f7000 	C:\Windows\System32\sechost.dll
0x00007ffb79200000 - 0x00007ffb79320000 	C:\Windows\System32\RPCRT4.dll
0x00007ffb796b0000 - 0x00007ffb79844000 	C:\Windows\System32\USER32.dll
0x00007ffb6ebf0000 - 0x00007ffb6ee74000 	C:\Windows\WinSxS\amd64_microsoft.windows.common-controls_6595b64144ccf1df_6.0.18362.1139_none_9e7bf2d3e4605ac6\COMCTL32.dll
0x00007ffb77fa0000 - 0x00007ffb77fc1000 	C:\Windows\System32\win32u.dll
0x00007ffb7a180000 - 0x00007ffb7a4b5000 	C:\Windows\System32\combase.dll
0x00007ffb793f0000 - 0x00007ffb79416000 	C:\Windows\System32\GDI32.dll
0x00007ffb77da0000 - 0x00007ffb77e20000 	C:\Windows\System32\bcryptPrimitives.dll
0x00007ffb78ba0000 - 0x00007ffb78d36000 	C:\Windows\System32\gdi32full.dll
0x00007ffb78b00000 - 0x00007ffb78b9e000 	C:\Windows\System32\msvcp_win.dll
0x00007ffb70820000 - 0x00007ffb7082a000 	C:\Windows\SYSTEM32\VERSION.dll
0x00007ffb79f60000 - 0x00007ffb79f8e000 	C:\Windows\System32\IMM32.DLL
0x00007ffb73460000 - 0x00007ffb7346c000 	C:\Program Files\Java\jdk-15.0.1\bin\vcruntime140_1.dll
0x00007ffb510f0000 - 0x00007ffb51181000 	C:\Program Files\Java\jdk-15.0.1\bin\msvcp140.dll
0x00007ffb1ce60000 - 0x00007ffb1d9be000 	C:\Program Files\Java\jdk-15.0.1\bin\server\jvm.dll
0x00007ffb79320000 - 0x00007ffb79328000 	C:\Windows\System32\PSAPI.DLL
0x00007ffb4cfc0000 - 0x00007ffb4cfc9000 	C:\Windows\SYSTEM32\WSOCK32.dll
0x00007ffb74690000 - 0x00007ffb746b4000 	C:\Windows\SYSTEM32\WINMM.dll
0x00007ffb7a4c0000 - 0x00007ffb7a52f000 	C:\Windows\System32\WS2_32.dll
0x00007ffb74640000 - 0x00007ffb7466d000 	C:\Windows\SYSTEM32\WINMMBASE.dll
0x00007ffb77e20000 - 0x00007ffb77e6a000 	C:\Windows\System32\cfgmgr32.dll
0x00007ffb77cb0000 - 0x00007ffb77cc1000 	C:\Windows\System32\kernel.appcore.dll
0x00007ffb70650000 - 0x00007ffb7065a000 	C:\Program Files\Java\jdk-15.0.1\bin\jimage.dll
0x00007ffb68bb0000 - 0x00007ffb68da4000 	C:\Windows\SYSTEM32\DBGHELP.DLL
0x00007ffb66e00000 - 0x00007ffb66e2a000 	C:\Windows\SYSTEM32\dbgcore.DLL
0x00007ffb57990000 - 0x00007ffb579b5000 	C:\Program Files\Java\jdk-15.0.1\bin\java.dll
0x00007ffb7a600000 - 0x00007ffb7ace7000 	C:\Windows\System32\SHELL32.dll
0x00007ffb7acf0000 - 0x00007ffb7ad99000 	C:\Windows\System32\shcore.dll
0x00007ffb78380000 - 0x00007ffb78b00000 	C:\Windows\System32\windows.storage.dll
0x00007ffb77cd0000 - 0x00007ffb77cf3000 	C:\Windows\System32\profapi.dll
0x00007ffb77d00000 - 0x00007ffb77d4a000 	C:\Windows\System32\powrprof.dll
0x00007ffb77ca0000 - 0x00007ffb77cb0000 	C:\Windows\System32\UMPDC.dll
0x00007ffb78e90000 - 0x00007ffb78ee2000 	C:\Windows\System32\shlwapi.dll
0x00007ffb77ed0000 - 0x00007ffb77ee7000 	C:\Windows\System32\cryptsp.dll
0x00007ffb60690000 - 0x00007ffb606a9000 	C:\Program Files\Java\jdk-15.0.1\bin\net.dll
0x00007ffb72990000 - 0x00007ffb72a80000 	C:\Windows\SYSTEM32\WINHTTP.dll
0x00007ffb774f0000 - 0x00007ffb77557000 	C:\Windows\system32\mswsock.dll
0x00007ffb5f3b0000 - 0x00007ffb5f3c2000 	C:\Program Files\Java\jdk-15.0.1\bin\nio.dll
0x00007ffb5dbf0000 - 0x00007ffb5dc08000 	C:\Program Files\Java\jdk-15.0.1\bin\zip.dll
0x00007ffb77060000 - 0x00007ffb77093000 	C:\Windows\system32\rsaenh.dll
0x00007ffb77d70000 - 0x00007ffb77d96000 	C:\Windows\System32\bcrypt.dll
0x00007ffb77bc0000 - 0x00007ffb77be5000 	C:\Windows\SYSTEM32\USERENV.dll
0x00007ffb776c0000 - 0x00007ffb776cc000 	C:\Windows\SYSTEM32\CRYPTBASE.dll
0x00007ffb77200000 - 0x00007ffb7723a000 	C:\Windows\SYSTEM32\IPHLPAPI.DLL
0x00007ffb7a170000 - 0x00007ffb7a178000 	C:\Windows\System32\NSI.dll
0x00007ffb72920000 - 0x00007ffb72936000 	C:\Windows\SYSTEM32\dhcpcsvc6.DLL
0x00007ffb72720000 - 0x00007ffb7273c000 	C:\Windows\SYSTEM32\dhcpcsvc.DLL
0x00007ffb77240000 - 0x00007ffb7730b000 	C:\Windows\SYSTEM32\DNSAPI.dll
0x00007ffb57280000 - 0x00007ffb572aa000 	C:\Users\fazon\AppData\Roaming\Code\User\globalStorage\redhat.java\0.71.0\config_win\org.eclipse.equinox.launcher\org.eclipse.equinox.launcher.win32.win32.x86_64_1.2.0.v20200915-1442\eclipse_11100.dll
0x00007ffb748d0000 - 0x00007ffb748e0000 	C:\Program Files\Java\jdk-15.0.1\bin\verify.dll
0x00007ffb5f3d0000 - 0x00007ffb5f3e1000 	C:\Users\fazon\AppData\Roaming\Code\User\globalStorage\redhat.java\0.71.0\config_win\org.eclipse.osgi\24\0\.cp\jWinHttp-1.0.0.dll
0x00007ffb78ef0000 - 0x00007ffb79047000 	C:\Windows\System32\ole32.dll

dbghelp: loaded successfully - version: 4.0.5 - missing functions: none
symbol engine: initialized successfully - sym options: 0x614 - pdb path: .;C:\Program Files\Java\jdk-15.0.1\bin;C:\Windows\SYSTEM32;C:\Windows\WinSxS\amd64_microsoft.windows.common-controls_6595b64144ccf1df_6.0.18362.1139_none_9e7bf2d3e4605ac6;C:\Program Files\Java\jdk-15.0.1\bin\server;C:\Users\fazon\AppData\Roaming\Code\User\globalStorage\redhat.java\0.71.0\config_win\org.eclipse.equinox.launcher\org.eclipse.equinox.launcher.win32.win32.x86_64_1.2.0.v20200915-1442;C:\Users\fazon\AppData\Roaming\Code\User\globalStorage\redhat.java\0.71.0\config_win\org.eclipse.osgi\24\0\.cp

VM Arguments:
jvm_args: --add-modules=ALL-SYSTEM --add-opens=java.base/java.util=ALL-UNNAMED --add-opens=java.base/java.lang=ALL-UNNAMED -Declipse.application=org.eclipse.jdt.ls.core.id1 -Dosgi.bundles.defaultStartLevel=4 -Declipse.product=org.eclipse.jdt.ls.core.product -Dfile.encoding=utf8 -DwatchParentProcess=false -XX:+UseParallelGC -XX:GCTimeRatio=4 -XX:AdaptiveSizePolicyWeight=90 -Dsun.zip.disableMemoryMapping=true -Xmx1G -Xms100m 
java_command: c:\Users\fazon\.vscode\extensions\redhat.java-0.71.0\server\plugins\org.eclipse.equinox.launcher_1.6.0.v20200915-1508.jar -configuration c:\Users\fazon\AppData\Roaming\Code\User\globalStorage\redhat.java\0.71.0\config_win -data c:\Users\fazon\AppData\Roaming\Code\User\workspaceStorage\867bb747194e66757c5947454cee007d\redhat.java\jdt_ws
java_class_path (initial): c:\Users\fazon\.vscode\extensions\redhat.java-0.71.0\server\plugins\org.eclipse.equinox.launcher_1.6.0.v20200915-1508.jar
Launcher Type: SUN_STANDARD

[Global flags]
    uintx AdaptiveSizePolicyWeight                 = 90                                        {product} {command line}
     intx CICompilerCount                          = 12                                        {product} {ergonomic}
    uintx GCTimeRatio                              = 4                                         {product} {command line}
   size_t InitialHeapSize                          = 104857600                                 {product} {command line}
   size_t MaxHeapSize                              = 1073741824                                {product} {command line}
   size_t MaxNewSize                               = 357564416                                 {product} {ergonomic}
   size_t MinHeapDeltaBytes                        = 524288                                    {product} {ergonomic}
   size_t MinHeapSize                              = 104857600                                 {product} {command line}
   size_t NewSize                                  = 34603008                                  {product} {ergonomic}
    uintx NonNMethodCodeHeapSize                   = 7602480                                {pd product} {ergonomic}
    uintx NonProfiledCodeHeapSize                  = 122027880                              {pd product} {ergonomic}
   size_t OldSize                                  = 70254592                                  {product} {ergonomic}
    uintx ProfiledCodeHeapSize                     = 122027880                              {pd product} {ergonomic}
    uintx ReservedCodeCacheSize                    = 251658240                              {pd product} {ergonomic}
     bool SegmentedCodeCache                       = true                                      {product} {ergonomic}
   size_t SoftMaxHeapSize                          = 1073741824                             {manageable} {ergonomic}
     bool UseCompressedClassPointers               = true                                 {lp64_product} {ergonomic}
     bool UseCompressedOops                        = true                                 {lp64_product} {ergonomic}
     bool UseLargePagesIndividualAllocation        = false                                  {pd product} {ergonomic}
     bool UseParallelGC                            = true                                      {product} {command line}

Logging:
Log output configuration:
 #0: stdout all=warning uptime,level,tags
 #1: stderr all=off uptime,level,tags

Environment Variables:
PATH=C:\Program Files\Common Files\Oracle\Java\javapath;C:\Users\fazon\AppData\Local\Programs\Python\Python38\Scripts\;C:\Users\fazon\AppData\Local\Programs\Python\Python38\;C:\Program Files (x86)\Common Files\Oracle\Java\javapath;C:\Windows\system32;C:\Windows;C:\Windows\System32\Wbem;C:\Windows\System32\WindowsPowerShell\v1.0\;C:\Windows\System32\OpenSSH\;C:\Program Files\Microsoft SQL Server\130\Tools\Binn\;C:\Program Files\Microsoft SQL Server\Client SDK\ODBC\170\Tools\Binn\;C:\Program Files\TortoiseSVN\bin;C:\Program Files\Git\cmd;C:\Program Files\dotnet\;C:\Program Files\PuTTY\;C:\Program Files\NVIDIA Corporation\NVIDIA NvDLISR;C:\Program Files (x86)\NVIDIA Corporation\PhysX\Common;C:\Program Files\MiKTeX 2.9\miktex\bin\x64\;C:\Program Files (x86)\Yarn\bin\;C:\Program Files\nodejs\;C:\ProgramData\chocolatey\bin;C:\Users\fazon\AppData\Local\Microsoft\WindowsApps;C:\Users\fazon\AppData\Local\Programs\Microsoft VS Code\bin;C:\MinGW\bin;C:\Program Files (x86)\flex-2.6.4;C:\Users\fazon\AppData\Local\Packages\PythonSoftwareFoundation.Python.3.8_qbz5n2kfra8p0\LocalCache\local-packages\Python38\site-packages;C:\Users\fazon\AppData\Local\Packages\PythonSoftwareFoundation.Python.3.8_qbz5n2kfra8p0\LocalCache\local-packages\Python38\Scripts;C:\Users\fazon\AppData\Local\Yarn\bin;C:\Users\fazon\AppData\Roaming\npm;C:\Users\fazon\AppData\Local\GitHubDesktop\bin
USERNAME=fazon
OS=Windows_NT
PROCESSOR_IDENTIFIER=AMD64 Family 23 Model 1 Stepping 1, AuthenticAMD



---------------  S Y S T E M  ---------------

OS:
 Windows 10 , 64 bit Build 18362 (10.0.18362.1110)
OS uptime: 0 days 2:17 hours

CPU: total 16 (initial active 16) (16 cores per cpu, 2 threads per core) family 23 model 1 stepping 1 microcode 0x0, cmov, cx8, fxsr, mmx, sse, sse2, sse3, ssse3, sse4.1, sse4.2, popcnt, vzeroupper, avx, avx2, aes, clmul, 3dnowpref, lzcnt, sse4a, ht, tsc, tscinvbit, tscinv, bmi1, bmi2, adx, sha, fma, clflush, clflushopt

Memory: 4k page, system-wide physical 24508M (15500M free)
TotalPageFile size 28092M (AvailPageFile size 15845M)
current process WorkingSet (physical memory assigned to process): 686M, peak: 875M
current process commit charge ("private bytes"): 602M, peak: 862M

vm_info: Java HotSpot(TM) 64-Bit Server VM (15.0.1+9-18) for windows-amd64 JRE (15.0.1+9-18), built on Sep 15 2020 14:43:54 by "mach5one" with unknown MS VC++:1925

END.
